2020-01-21 10:12:21,518 [6] ERROR CDFMaster - Page_Init -62 
 System.FormatException: Input string was not in a correct format.
   at System.Number.StringToNumber(String str, NumberStyles options, NumberBuffer& number, NumberFormatInfo info, Boolean parseDecimal)
   at System.Number.ParseInt32(String s, NumberStyles style, NumberFormatInfo info)
   at System.String.System.IConvertible.ToInt32(IFormatProvider provider)
   at System.Convert.ToInt32(Object value)
   at CDFMaster.Page_Init(Object sender, EventArgs e) in d:\Ankita\CDF-Dashboard-16-01-2020\CDFMaster.master.cs:line 37 
 
2020-01-21 10:15:34,707 [13] ERROR CDFMaster - Page_Init -62 
 System.FormatException: Input string was not in a correct format.
   at System.Number.StringToNumber(String str, NumberStyles options, NumberBuffer& number, NumberFormatInfo info, Boolean parseDecimal)
   at System.Number.ParseInt32(String s, NumberStyles style, NumberFormatInfo info)
   at System.String.System.IConvertible.ToInt32(IFormatProvider provider)
   at System.Convert.ToInt32(Object value)
   at CDFMaster.Page_Init(Object sender, EventArgs e) in d:\Ankita\CDF-Dashboard-16-01-2020\CDFMaster.master.cs:line 37 
 
2020-01-21 10:15:39,449 [13] ERROR CDFMaster - Page_Init -62 
 System.FormatException: Input string was not in a correct format.
   at System.Number.StringToNumber(String str, NumberStyles options, NumberBuffer& number, NumberFormatInfo info, Boolean parseDecimal)
   at System.Number.ParseInt32(String s, NumberStyles style, NumberFormatInfo info)
   at System.String.System.IConvertible.ToInt32(IFormatProvider provider)
   at System.Convert.ToInt32(Object value)
   at CDFMaster.Page_Init(Object sender, EventArgs e) in d:\Ankita\CDF-Dashboard-16-01-2020\CDFMaster.master.cs:line 37 
 
2020-01-21 10:32:21,091 [8] ERROR CDFMaster - Page_Init -62 
 System.FormatException: Input string was not in a correct format.
   at System.Number.StringToNumber(String str, NumberStyles options, NumberBuffer& number, NumberFormatInfo info, Boolean parseDecimal)
   at System.Number.ParseInt32(String s, NumberStyles style, NumberFormatInfo info)
   at System.String.System.IConvertible.ToInt32(IFormatProvider provider)
   at System.Convert.ToInt32(Object value)
   at CDFMaster.Page_Init(Object sender, EventArgs e) in d:\Ankita\CDF-Dashboard-16-01-2020\CDFMaster.master.cs:line 37 
 
2020-01-21 10:34:17,764 [17] ERROR CDFMaster - Page_Init -62 
 System.FormatException: Input string was not in a correct format.
   at System.Number.StringToNumber(String str, NumberStyles options, NumberBuffer& number, NumberFormatInfo info, Boolean parseDecimal)
   at System.Number.ParseInt32(String s, NumberStyles style, NumberFormatInfo info)
   at System.String.System.IConvertible.ToInt32(IFormatProvider provider)
   at System.Convert.ToInt32(Object value)
   at CDFMaster.Page_Init(Object sender, EventArgs e) in d:\Ankita\CDF-Dashboard-16-01-2020\CDFMaster.master.cs:line 37 
 
2020-01-21 11:11:57,381 [27] ERROR candidatedetails - Page_Load -67 
 System.NullReferenceException: Object reference not set to an instance of an object.
   at candidatedetails.Page_Load(Object sender, EventArgs e) in d:\Ankita\CDF-Dashboard-16-01-2020\Admin\candidate-details.aspx.cs:line 49 
 
2020-01-21 11:11:57,684 [27] ERROR CDFMaster - Page_Load -49 
 System.NullReferenceException: Object reference not set to an instance of an object.
   at CDFMaster.Page_Load(Object sender, EventArgs e) in d:\Ankita\CDF-Dashboard-16-01-2020\Admin\admin-master.master.cs:line 16 
 
2020-01-21 11:12:00,039 [27] ERROR candidatedetails - Page_Load -67 
 System.NullReferenceException: Object reference not set to an instance of an object.
   at candidatedetails.Page_Load(Object sender, EventArgs e) in d:\Ankita\CDF-Dashboard-16-01-2020\Admin\candidate-details.aspx.cs:line 49 
 
2020-01-21 11:12:00,230 [27] ERROR CDFMaster - Page_Load -49 
 System.NullReferenceException: Object reference not set to an instance of an object.
   at CDFMaster.Page_Load(Object sender, EventArgs e) in d:\Ankita\CDF-Dashboard-16-01-2020\Admin\admin-master.master.cs:line 16 
 
2020-01-21 11:12:00,503 [6] ERROR Admin_test_reassign - Page_Load -124 
 System.NullReferenceException: Object reference not set to an instance of an object.
   at Admin_test_reassign.Page_Load(Object sender, EventArgs e) in d:\Ankita\CDF-Dashboard-16-01-2020\Admin\test-reassign.aspx.cs:line 33 
 
2020-01-21 11:12:00,531 [6] ERROR CDFMaster - Page_Load -49 
 System.NullReferenceException: Object reference not set to an instance of an object.
   at CDFMaster.Page_Load(Object sender, EventArgs e) in d:\Ankita\CDF-Dashboard-16-01-2020\Admin\admin-master.master.cs:line 16 
 
2020-01-21 11:12:24,037 [27] ERROR Admin_test_reassign - Page_Load -124 
 System.NullReferenceException: Object reference not set to an instance of an object.
   at Admin_test_reassign.Page_Load(Object sender, EventArgs e) in d:\Ankita\CDF-Dashboard-16-01-2020\Admin\test-reassign.aspx.cs:line 33 
 
2020-01-21 11:12:24,073 [27] ERROR CDFMaster - Page_Load -49 
 System.NullReferenceException: Object reference not set to an instance of an object.
   at CDFMaster.Page_Load(Object sender, EventArgs e) in d:\Ankita\CDF-Dashboard-16-01-2020\Admin\admin-master.master.cs:line 16 
 
2020-01-21 11:12:40,094 [6] ERROR CDFMaster - Page_Load -49 
 System.NullReferenceException: Object reference not set to an instance of an object.
   at CDFMaster.Page_Load(Object sender, EventArgs e) in d:\Ankita\CDF-Dashboard-16-01-2020\Admin\admin-master.master.cs:line 16 
 
2020-01-21 11:12:43,301 [6] ERROR candidatedetails - Page_Load -67 
 System.NullReferenceException: Object reference not set to an instance of an object.
   at candidatedetails.Page_Load(Object sender, EventArgs e) in d:\Ankita\CDF-Dashboard-16-01-2020\Admin\candidate-details.aspx.cs:line 49 
 
2020-01-21 11:12:43,693 [6] ERROR CDFMaster - Page_Load -49 
 System.NullReferenceException: Object reference not set to an instance of an object.
   at CDFMaster.Page_Load(Object sender, EventArgs e) in d:\Ankita\CDF-Dashboard-16-01-2020\Admin\admin-master.master.cs:line 16 
 
2020-01-21 11:12:46,424 [25] ERROR candidatedetails - Page_Load -67 
 System.NullReferenceException: Object reference not set to an instance of an object.
   at candidatedetails.Page_Load(Object sender, EventArgs e) in d:\Ankita\CDF-Dashboard-16-01-2020\Admin\candidate-details.aspx.cs:line 49 
 
2020-01-21 11:12:46,518 [25] ERROR CDFMaster - Page_Load -49 
 System.NullReferenceException: Object reference not set to an instance of an object.
   at CDFMaster.Page_Load(Object sender, EventArgs e) in d:\Ankita\CDF-Dashboard-16-01-2020\Admin\admin-master.master.cs:line 16 
 
2020-01-21 11:12:46,718 [6] ERROR Admin_test_reassign - Page_Load -124 
 System.NullReferenceException: Object reference not set to an instance of an object.
   at Admin_test_reassign.Page_Load(Object sender, EventArgs e) in d:\Ankita\CDF-Dashboard-16-01-2020\Admin\test-reassign.aspx.cs:line 33 
 
2020-01-21 11:12:46,731 [6] ERROR CDFMaster - Page_Load -49 
 System.NullReferenceException: Object reference not set to an instance of an object.
   at CDFMaster.Page_Load(Object sender, EventArgs e) in d:\Ankita\CDF-Dashboard-16-01-2020\Admin\admin-master.master.cs:line 16 
 
2020-01-21 11:12:56,549 [26] ERROR candidatedetails - Page_Load -67 
 System.NullReferenceException: Object reference not set to an instance of an object.
   at candidatedetails.Page_Load(Object sender, EventArgs e) in d:\Ankita\CDF-Dashboard-16-01-2020\Admin\candidate-details.aspx.cs:line 49 
 
2020-01-21 11:12:56,936 [26] ERROR CDFMaster - Page_Load -49 
 System.NullReferenceException: Object reference not set to an instance of an object.
   at CDFMaster.Page_Load(Object sender, EventArgs e) in d:\Ankita\CDF-Dashboard-16-01-2020\Admin\admin-master.master.cs:line 16 
 
2020-01-21 11:14:26,907 [28] ERROR candidatedetails - Page_Load -67 
 System.NullReferenceException: Object reference not set to an instance of an object.
   at candidatedetails.Page_Load(Object sender, EventArgs e) in d:\Ankita\CDF-Dashboard-16-01-2020\Admin\candidate-details.aspx.cs:line 49 
 
2020-01-21 11:14:27,083 [28] ERROR CDFMaster - Page_Load -49 
 System.NullReferenceException: Object reference not set to an instance of an object.
   at CDFMaster.Page_Load(Object sender, EventArgs e) in d:\Ankita\CDF-Dashboard-16-01-2020\Admin\admin-master.master.cs:line 16 
 
2020-01-21 11:15:34,402 [6] ERROR Admin_test_reassign - Page_Load -124 
 System.NullReferenceException: Object reference not set to an instance of an object.
   at Admin_test_reassign.Page_Load(Object sender, EventArgs e) in d:\Ankita\CDF-Dashboard-16-01-2020\Admin\test-reassign.aspx.cs:line 33 
 
2020-01-21 11:15:43,371 [6] ERROR CDFMaster - Page_Load -49 
 System.NullReferenceException: Object reference not set to an instance of an object.
   at CDFMaster.Page_Load(Object sender, EventArgs e) in d:\Ankita\CDF-Dashboard-16-01-2020\Admin\admin-master.master.cs:line 16 
 
2020-01-21 12:59:42,392 [60] ERROR CDFMaster - Page_Init -62 
 System.FormatException: Input string was not in a correct format.
   at System.Number.StringToNumber(String str, NumberStyles options, NumberBuffer& number, NumberFormatInfo info, Boolean parseDecimal)
   at System.Number.ParseInt32(String s, NumberStyles style, NumberFormatInfo info)
   at System.String.System.IConvertible.ToInt32(IFormatProvider provider)
   at System.Convert.ToInt32(Object value)
   at CDFMaster.Page_Init(Object sender, EventArgs e) in d:\Ankita\CDF-Dashboard-16-01-2020\CDFMaster.master.cs:line 37 
 
2020-01-21 13:15:20,081 [54] ERROR data_context - sendSms -120 
 System.Net.WebException: The remote name could not be resolved: 'enterprise.smsgupshup.com'
   at System.Net.HttpWebRequest.GetResponse()
   at data_context.sendSms(String mob, String msg) in d:\Ankita\CDF-Dashboard-16-01-2020\App_Code\data_context.cs:line 109 
 
2020-01-21 13:16:02,760 [6] ERROR CDFMaster - Page_Init -62 
 System.FormatException: Input string was not in a correct format.
   at System.Number.StringToNumber(String str, NumberStyles options, NumberBuffer& number, NumberFormatInfo info, Boolean parseDecimal)
   at System.Number.ParseInt32(String s, NumberStyles style, NumberFormatInfo info)
   at System.String.System.IConvertible.ToInt32(IFormatProvider provider)
   at System.Convert.ToInt32(Object value)
   at CDFMaster.Page_Init(Object sender, EventArgs e) in d:\Ankita\CDF-Dashboard-16-01-2020\CDFMaster.master.cs:line 37 
 
2020-01-21 14:10:18,798 [6] ERROR CDFMaster - Page_Init -62 
 System.FormatException: Input string was not in a correct format.
   at System.Number.StringToNumber(String str, NumberStyles options, NumberBuffer& number, NumberFormatInfo info, Boolean parseDecimal)
   at System.Number.ParseInt32(String s, NumberStyles style, NumberFormatInfo info)
   at System.String.System.IConvertible.ToInt32(IFormatProvider provider)
   at System.Convert.ToInt32(Object value)
   at CDFMaster.Page_Init(Object sender, EventArgs e) in d:\Ankita\CDF-Dashboard-16-01-2020\CDFMaster.master.cs:line 37 
 
2020-01-21 14:10:28,086 [6] ERROR CDFMaster - Page_Init -62 
 System.FormatException: Input string was not in a correct format.
   at System.Number.StringToNumber(String str, NumberStyles options, NumberBuffer& number, NumberFormatInfo info, Boolean parseDecimal)
   at System.Number.ParseInt32(String s, NumberStyles style, NumberFormatInfo info)
   at System.String.System.IConvertible.ToInt32(IFormatProvider provider)
   at System.Convert.ToInt32(Object value)
   at CDFMaster.Page_Init(Object sender, EventArgs e) in d:\Ankita\CDF-Dashboard-16-01-2020\CDFMaster.master.cs:line 37 
 
2020-01-21 14:12:24,640 [33] ERROR CDFMaster - Page_Init -62 
 System.FormatException: Input string was not in a correct format.
   at System.Number.StringToNumber(String str, NumberStyles options, NumberBuffer& number, NumberFormatInfo info, Boolean parseDecimal)
   at System.Number.ParseInt32(String s, NumberStyles style, NumberFormatInfo info)
   at System.String.System.IConvertible.ToInt32(IFormatProvider provider)
   at System.Convert.ToInt32(Object value)
   at CDFMaster.Page_Init(Object sender, EventArgs e) in d:\Ankita\CDF-Dashboard-16-01-2020\CDFMaster.master.cs:line 37 
 
2020-01-21 14:12:34,344 [6] ERROR CDFMaster - Page_Init -62 
 System.FormatException: Input string was not in a correct format.
   at System.Number.StringToNumber(String str, NumberStyles options, NumberBuffer& number, NumberFormatInfo info, Boolean parseDecimal)
   at System.Number.ParseInt32(String s, NumberStyles style, NumberFormatInfo info)
   at System.String.System.IConvertible.ToInt32(IFormatProvider provider)
   at System.Convert.ToInt32(Object value)
   at CDFMaster.Page_Init(Object sender, EventArgs e) in d:\Ankita\CDF-Dashboard-16-01-2020\CDFMaster.master.cs:line 37 
 
2020-01-21 14:13:13,582 [33] ERROR CDFMaster - Page_Init -62 
 System.FormatException: Input string was not in a correct format.
   at System.Number.StringToNumber(String str, NumberStyles options, NumberBuffer& number, NumberFormatInfo info, Boolean parseDecimal)
   at System.Number.ParseInt32(String s, NumberStyles style, NumberFormatInfo info)
   at System.String.System.IConvertible.ToInt32(IFormatProvider provider)
   at System.Convert.ToInt32(Object value)
   at CDFMaster.Page_Init(Object sender, EventArgs e) in d:\Ankita\CDF-Dashboard-16-01-2020\CDFMaster.master.cs:line 37 
 
2020-01-21 14:15:11,898 [33] ERROR CDFMaster - Page_Init -62 
 System.FormatException: Input string was not in a correct format.
   at System.Number.StringToNumber(String str, NumberStyles options, NumberBuffer& number, NumberFormatInfo info, Boolean parseDecimal)
   at System.Number.ParseInt32(String s, NumberStyles style, NumberFormatInfo info)
   at System.String.System.IConvertible.ToInt32(IFormatProvider provider)
   at System.Convert.ToInt32(Object value)
   at CDFMaster.Page_Init(Object sender, EventArgs e) in d:\Ankita\CDF-Dashboard-16-01-2020\CDFMaster.master.cs:line 37 
 
2020-01-21 14:16:27,332 [32] ERROR CDFMaster - Page_Init -62 
 System.FormatException: Input string was not in a correct format.
   at System.Number.StringToNumber(String str, NumberStyles options, NumberBuffer& number, NumberFormatInfo info, Boolean parseDecimal)
   at System.Number.ParseInt32(String s, NumberStyles style, NumberFormatInfo info)
   at System.String.System.IConvertible.ToInt32(IFormatProvider provider)
   at System.Convert.ToInt32(Object value)
   at CDFMaster.Page_Init(Object sender, EventArgs e) in d:\Ankita\CDF-Dashboard-16-01-2020\CDFMaster.master.cs:line 37 
 
2020-01-21 14:34:53,362 [43] ERROR CDFMaster - Page_Init -62 
 System.FormatException: Input string was not in a correct format.
   at System.Number.StringToNumber(String str, NumberStyles options, NumberBuffer& number, NumberFormatInfo info, Boolean parseDecimal)
   at System.Number.ParseInt32(String s, NumberStyles style, NumberFormatInfo info)
   at System.String.System.IConvertible.ToInt32(IFormatProvider provider)
   at System.Convert.ToInt32(Object value)
   at CDFMaster.Page_Init(Object sender, EventArgs e) in d:\Ankita\CDF-Dashboard-16-01-2020\CDFMaster.master.cs:line 37 
 
2020-01-21 14:35:37,606 [53] ERROR CDFMaster - Page_Init -62 
 System.FormatException: Input string was not in a correct format.
   at System.Number.StringToNumber(String str, NumberStyles options, NumberBuffer& number, NumberFormatInfo info, Boolean parseDecimal)
   at System.Number.ParseInt32(String s, NumberStyles style, NumberFormatInfo info)
   at System.String.System.IConvertible.ToInt32(IFormatProvider provider)
   at System.Convert.ToInt32(Object value)
   at CDFMaster.Page_Init(Object sender, EventArgs e) in d:\Ankita\CDF-Dashboard-16-01-2020\CDFMaster.master.cs:line 37 
 
2020-01-21 14:35:46,780 [44] ERROR CDFMaster - Page_Init -62 
 System.FormatException: Input string was not in a correct format.
   at System.Number.StringToNumber(String str, NumberStyles options, NumberBuffer& number, NumberFormatInfo info, Boolean parseDecimal)
   at System.Number.ParseInt32(String s, NumberStyles style, NumberFormatInfo info)
   at System.String.System.IConvertible.ToInt32(IFormatProvider provider)
   at System.Convert.ToInt32(Object value)
   at CDFMaster.Page_Init(Object sender, EventArgs e) in d:\Ankita\CDF-Dashboard-16-01-2020\CDFMaster.master.cs:line 37 
 
2020-01-21 14:36:38,753 [44] ERROR CDFMaster - Page_Init -62 
 System.FormatException: Input string was not in a correct format.
   at System.Number.StringToNumber(String str, NumberStyles options, NumberBuffer& number, NumberFormatInfo info, Boolean parseDecimal)
   at System.Number.ParseInt32(String s, NumberStyles style, NumberFormatInfo info)
   at System.String.System.IConvertible.ToInt32(IFormatProvider provider)
   at System.Convert.ToInt32(Object value)
   at CDFMaster.Page_Init(Object sender, EventArgs e) in d:\Ankita\CDF-Dashboard-16-01-2020\CDFMaster.master.cs:line 37 
 
2020-01-21 14:36:45,063 [44] ERROR CDFMaster - Page_Init -62 
 System.FormatException: Input string was not in a correct format.
   at System.Number.StringToNumber(String str, NumberStyles options, NumberBuffer& number, NumberFormatInfo info, Boolean parseDecimal)
   at System.Number.ParseInt32(String s, NumberStyles style, NumberFormatInfo info)
   at System.String.System.IConvertible.ToInt32(IFormatProvider provider)
   at System.Convert.ToInt32(Object value)
   at CDFMaster.Page_Init(Object sender, EventArgs e) in d:\Ankita\CDF-Dashboard-16-01-2020\CDFMaster.master.cs:line 37 
 
2020-01-21 14:45:56,219 [6] ERROR CDFMaster - Page_Init -62 
 System.FormatException: Input string was not in a correct format.
   at System.Number.StringToNumber(String str, NumberStyles options, NumberBuffer& number, NumberFormatInfo info, Boolean parseDecimal)
   at System.Number.ParseInt32(String s, NumberStyles style, NumberFormatInfo info)
   at System.String.System.IConvertible.ToInt32(IFormatProvider provider)
   at System.Convert.ToInt32(Object value)
   at CDFMaster.Page_Init(Object sender, EventArgs e) in d:\Ankita\CDF-Dashboard-16-01-2020\CDFMaster.master.cs:line 37 
 
2020-01-21 14:50:47,262 [9] ERROR CDFMaster - Page_Init -62 
 System.FormatException: Input string was not in a correct format.
   at System.Number.StringToNumber(String str, NumberStyles options, NumberBuffer& number, NumberFormatInfo info, Boolean parseDecimal)
   at System.Number.ParseInt32(String s, NumberStyles style, NumberFormatInfo info)
   at System.String.System.IConvertible.ToInt32(IFormatProvider provider)
   at System.Convert.ToInt32(Object value)
   at CDFMaster.Page_Init(Object sender, EventArgs e) in d:\Ankita\CDF-Dashboard-16-01-2020\CDFMaster.master.cs:line 37 
 
2020-01-21 14:50:59,043 [9] ERROR CDFMaster - Page_Init -62 
 System.FormatException: Input string was not in a correct format.
   at System.Number.StringToNumber(String str, NumberStyles options, NumberBuffer& number, NumberFormatInfo info, Boolean parseDecimal)
   at System.Number.ParseInt32(String s, NumberStyles style, NumberFormatInfo info)
   at System.String.System.IConvertible.ToInt32(IFormatProvider provider)
   at System.Convert.ToInt32(Object value)
   at CDFMaster.Page_Init(Object sender, EventArgs e) in d:\Ankita\CDF-Dashboard-16-01-2020\CDFMaster.master.cs:line 37 
 
2020-01-21 14:51:36,933 [7] ERROR CDFMaster - Page_Init -62 
 System.FormatException: Input string was not in a correct format.
   at System.Number.StringToNumber(String str, NumberStyles options, NumberBuffer& number, NumberFormatInfo info, Boolean parseDecimal)
   at System.Number.ParseInt32(String s, NumberStyles style, NumberFormatInfo info)
   at System.String.System.IConvertible.ToInt32(IFormatProvider provider)
   at System.Convert.ToInt32(Object value)
   at CDFMaster.Page_Init(Object sender, EventArgs e) in d:\Ankita\CDF-Dashboard-16-01-2020\CDFMaster.master.cs:line 37 
 
2020-01-21 14:52:45,668 [9] ERROR CDFMaster - Page_Init -62 
 System.FormatException: Input string was not in a correct format.
   at System.Number.StringToNumber(String str, NumberStyles options, NumberBuffer& number, NumberFormatInfo info, Boolean parseDecimal)
   at System.Number.ParseInt32(String s, NumberStyles style, NumberFormatInfo info)
   at System.String.System.IConvertible.ToInt32(IFormatProvider provider)
   at System.Convert.ToInt32(Object value)
   at CDFMaster.Page_Init(Object sender, EventArgs e) in d:\Ankita\CDF-Dashboard-16-01-2020\CDFMaster.master.cs:line 37 
 
2020-01-21 14:55:06,342 [9] ERROR CDFMaster - Page_Init -62 
 System.FormatException: Input string was not in a correct format.
   at System.Number.StringToNumber(String str, NumberStyles options, NumberBuffer& number, NumberFormatInfo info, Boolean parseDecimal)
   at System.Number.ParseInt32(String s, NumberStyles style, NumberFormatInfo info)
   at System.String.System.IConvertible.ToInt32(IFormatProvider provider)
   at System.Convert.ToInt32(Object value)
   at CDFMaster.Page_Init(Object sender, EventArgs e) in d:\Ankita\CDF-Dashboard-16-01-2020\CDFMaster.master.cs:line 37 
 
2020-01-21 14:55:19,479 [13] ERROR CDFMaster - Page_Init -62 
 System.FormatException: Input string was not in a correct format.
   at System.Number.StringToNumber(String str, NumberStyles options, NumberBuffer& number, NumberFormatInfo info, Boolean parseDecimal)
   at System.Number.ParseInt32(String s, NumberStyles style, NumberFormatInfo info)
   at System.String.System.IConvertible.ToInt32(IFormatProvider provider)
   at System.Convert.ToInt32(Object value)
   at CDFMaster.Page_Init(Object sender, EventArgs e) in d:\Ankita\CDF-Dashboard-16-01-2020\CDFMaster.master.cs:line 37 
 
2020-01-21 14:55:25,351 [13] ERROR CDFMaster - Page_Init -62 
 System.FormatException: Input string was not in a correct format.
   at System.Number.StringToNumber(String str, NumberStyles options, NumberBuffer& number, NumberFormatInfo info, Boolean parseDecimal)
   at System.Number.ParseInt32(String s, NumberStyles style, NumberFormatInfo info)
   at System.String.System.IConvertible.ToInt32(IFormatProvider provider)
   at System.Convert.ToInt32(Object value)
   at CDFMaster.Page_Init(Object sender, EventArgs e) in d:\Ankita\CDF-Dashboard-16-01-2020\CDFMaster.master.cs:line 37 
 
2020-01-21 14:55:40,845 [13] ERROR CDFMaster - Page_Init -62 
 System.FormatException: Input string was not in a correct format.
   at System.Number.StringToNumber(String str, NumberStyles options, NumberBuffer& number, NumberFormatInfo info, Boolean parseDecimal)
   at System.Number.ParseInt32(String s, NumberStyles style, NumberFormatInfo info)
   at System.String.System.IConvertible.ToInt32(IFormatProvider provider)
   at System.Convert.ToInt32(Object value)
   at CDFMaster.Page_Init(Object sender, EventArgs e) in d:\Ankita\CDF-Dashboard-16-01-2020\CDFMaster.master.cs:line 37 
 
2020-01-21 15:12:57,339 [25] ERROR CDFMaster - Page_Init -62 
 System.FormatException: Input string was not in a correct format.
   at System.Number.StringToNumber(String str, NumberStyles options, NumberBuffer& number, NumberFormatInfo info, Boolean parseDecimal)
   at System.Number.ParseInt32(String s, NumberStyles style, NumberFormatInfo info)
   at System.String.System.IConvertible.ToInt32(IFormatProvider provider)
   at System.Convert.ToInt32(Object value)
   at CDFMaster.Page_Init(Object sender, EventArgs e) in d:\Ankita\CDF-Dashboard-16-01-2020\CDFMaster.master.cs:line 37 
 
2020-01-21 15:13:53,303 [24] ERROR CDFMaster - Page_Init -62 
 System.FormatException: Input string was not in a correct format.
   at System.Number.StringToNumber(String str, NumberStyles options, NumberBuffer& number, NumberFormatInfo info, Boolean parseDecimal)
   at System.Number.ParseInt32(String s, NumberStyles style, NumberFormatInfo info)
   at System.String.System.IConvertible.ToInt32(IFormatProvider provider)
   at System.Convert.ToInt32(Object value)
   at CDFMaster.Page_Init(Object sender, EventArgs e) in d:\Ankita\CDF-Dashboard-16-01-2020\CDFMaster.master.cs:line 37 
 
2020-01-21 15:51:24,133 [15] ERROR CDFMaster - Page_Init -62 
 System.FormatException: Input string was not in a correct format.
   at System.Number.StringToNumber(String str, NumberStyles options, NumberBuffer& number, NumberFormatInfo info, Boolean parseDecimal)
   at System.Number.ParseInt32(String s, NumberStyles style, NumberFormatInfo info)
   at System.String.System.IConvertible.ToInt32(IFormatProvider provider)
   at System.Convert.ToInt32(Object value)
   at CDFMaster.Page_Init(Object sender, EventArgs e) in d:\Ankita\CDF-Dashboard-16-01-2020\CDFMaster.master.cs:line 37 
 
2020-01-21 16:03:51,007 [21] ERROR CDFMaster - Page_Init -62 
 System.FormatException: Input string was not in a correct format.
   at System.Number.StringToNumber(String str, NumberStyles options, NumberBuffer& number, NumberFormatInfo info, Boolean parseDecimal)
   at System.Number.ParseInt32(String s, NumberStyles style, NumberFormatInfo info)
   at System.String.System.IConvertible.ToInt32(IFormatProvider provider)
   at System.Convert.ToInt32(Object value)
   at CDFMaster.Page_Init(Object sender, EventArgs e) in d:\Ankita\CDF-Dashboard-16-01-2020\CDFMaster.master.cs:line 37 
 
2020-01-21 16:05:58,398 [25] ERROR resources_doctree - btn_download_Click -153 
 System.NotSupportedException: The given path's format is not supported.
   at System.Security.Util.StringExpressionSet.CanonicalizePath(String path, Boolean needFullPath)
   at System.Security.Util.StringExpressionSet.CreateListFromExpressions(String[] str, Boolean needFullPath)
   at System.Security.Permissions.FileIOPermission.AddPathList(FileIOPermissionAccess access, AccessControlActions control, String[] pathListOrig, Boolean checkForDuplicates, Boolean needFullPath, Boolean copyPathList)
   at System.Security.Permissions.FileIOPermission..ctor(FileIOPermissionAccess access, String path)
   at System.Web.InternalSecurityPermissions.PathDiscovery(String path)
   at System.Web.HttpRequest.MapPath(VirtualPath virtualPath, VirtualPath baseVirtualDir, Boolean allowCrossAppMapping)
   at System.Web.HttpServerUtility.MapPath(String path)
   at resources_doctree.DownloadFile(String fname, Boolean forceDownload) in d:\Ankita\CDF-Dashboard-16-01-2020\resources\doctree.aspx.cs:line 164
   at resources_doctree.btn_download_Click(Object sender, EventArgs e) in d:\Ankita\CDF-Dashboard-16-01-2020\resources\doctree.aspx.cs:line 140 
 
2020-01-21 16:06:41,473 [25] ERROR resources_doctree - btn_download_Click -153 
 System.NotSupportedException: The given path's format is not supported.
   at System.Security.Util.StringExpressionSet.CanonicalizePath(String path, Boolean needFullPath)
   at System.Security.Util.StringExpressionSet.CreateListFromExpressions(String[] str, Boolean needFullPath)
   at System.Security.Permissions.FileIOPermission.AddPathList(FileIOPermissionAccess access, AccessControlActions control, String[] pathListOrig, Boolean checkForDuplicates, Boolean needFullPath, Boolean copyPathList)
   at System.Security.Permissions.FileIOPermission..ctor(FileIOPermissionAccess access, String path)
   at System.Web.InternalSecurityPermissions.PathDiscovery(String path)
   at System.Web.HttpRequest.MapPath(VirtualPath virtualPath, VirtualPath baseVirtualDir, Boolean allowCrossAppMapping)
   at System.Web.HttpServerUtility.MapPath(String path)
   at resources_doctree.DownloadFile(String fname, Boolean forceDownload) in d:\Ankita\CDF-Dashboard-16-01-2020\resources\doctree.aspx.cs:line 164
   at resources_doctree.btn_download_Click(Object sender, EventArgs e) in d:\Ankita\CDF-Dashboard-16-01-2020\resources\doctree.aspx.cs:line 140 
 
2020-01-21 16:07:11,170 [25] ERROR resources_doctree - btn_download_Click -153 
 System.NotSupportedException: The given path's format is not supported.
   at System.Security.Util.StringExpressionSet.CanonicalizePath(String path, Boolean needFullPath)
   at System.Security.Util.StringExpressionSet.CreateListFromExpressions(String[] str, Boolean needFullPath)
   at System.Security.Permissions.FileIOPermission.AddPathList(FileIOPermissionAccess access, AccessControlActions control, String[] pathListOrig, Boolean checkForDuplicates, Boolean needFullPath, Boolean copyPathList)
   at System.Security.Permissions.FileIOPermission..ctor(FileIOPermissionAccess access, String path)
   at System.Web.InternalSecurityPermissions.PathDiscovery(String path)
   at System.Web.HttpRequest.MapPath(VirtualPath virtualPath, VirtualPath baseVirtualDir, Boolean allowCrossAppMapping)
   at System.Web.HttpServerUtility.MapPath(String path)
   at resources_doctree.DownloadFile(String fname, Boolean forceDownload) in d:\Ankita\CDF-Dashboard-16-01-2020\resources\doctree.aspx.cs:line 164
   at resources_doctree.btn_download_Click(Object sender, EventArgs e) in d:\Ankita\CDF-Dashboard-16-01-2020\resources\doctree.aspx.cs:line 140 
 
2020-01-21 16:09:15,738 [29] ERROR resources_doctree - btn_download_Click -153 
 System.NotSupportedException: The given path's format is not supported.
   at System.Security.Util.StringExpressionSet.CanonicalizePath(String path, Boolean needFullPath)
   at System.Security.Util.StringExpressionSet.CreateListFromExpressions(String[] str, Boolean needFullPath)
   at System.Security.Permissions.FileIOPermission.AddPathList(FileIOPermissionAccess access, AccessControlActions control, String[] pathListOrig, Boolean checkForDuplicates, Boolean needFullPath, Boolean copyPathList)
   at System.Security.Permissions.FileIOPermission..ctor(FileIOPermissionAccess access, String path)
   at System.Web.InternalSecurityPermissions.PathDiscovery(String path)
   at System.Web.HttpRequest.MapPath(VirtualPath virtualPath, VirtualPath baseVirtualDir, Boolean allowCrossAppMapping)
   at System.Web.HttpServerUtility.MapPath(String path)
   at resources_doctree.DownloadFile(String fname, Boolean forceDownload) in d:\Ankita\CDF-Dashboard-16-01-2020\resources\doctree.aspx.cs:line 164
   at resources_doctree.btn_download_Click(Object sender, EventArgs e) in d:\Ankita\CDF-Dashboard-16-01-2020\resources\doctree.aspx.cs:line 140 
 
2020-01-21 16:12:27,389 [39] ERROR resources_doctree - btn_download_Click -153 
 System.NotSupportedException: The given path's format is not supported.
   at System.Security.Util.StringExpressionSet.CanonicalizePath(String path, Boolean needFullPath)
   at System.Security.Util.StringExpressionSet.CreateListFromExpressions(String[] str, Boolean needFullPath)
   at System.Security.Permissions.FileIOPermission.AddPathList(FileIOPermissionAccess access, AccessControlActions control, String[] pathListOrig, Boolean checkForDuplicates, Boolean needFullPath, Boolean copyPathList)
   at System.Security.Permissions.FileIOPermission..ctor(FileIOPermissionAccess access, String path)
   at System.Web.InternalSecurityPermissions.PathDiscovery(String path)
   at System.Web.HttpRequest.MapPath(VirtualPath virtualPath, VirtualPath baseVirtualDir, Boolean allowCrossAppMapping)
   at System.Web.HttpServerUtility.MapPath(String path)
   at resources_doctree.DownloadFile(String fname, Boolean forceDownload) in d:\Ankita\CDF-Dashboard-16-01-2020\resources\doctree.aspx.cs:line 164
   at resources_doctree.btn_download_Click(Object sender, EventArgs e) in d:\Ankita\CDF-Dashboard-16-01-2020\resources\doctree.aspx.cs:line 140 
 
2020-01-21 16:16:16,298 [23] ERROR resources_doctree - btn_download_Click -153 
 System.Web.HttpException (0x80004005): 'http:/localhost:5968/doc/cdf-doc/Colleges_School 1.pdf' is not a valid virtual path.
   at System.Web.Util.UrlPath.CheckValidVirtualPath(String path)
   at System.Web.Util.UrlPath.Combine(String appPath, String basepath, String relative)
   at System.Web.VirtualPath.Combine(VirtualPath relativePath)
   at System.Web.HttpRequest.MapPath(VirtualPath virtualPath, VirtualPath baseVirtualDir, Boolean allowCrossAppMapping)
   at System.Web.HttpServerUtility.MapPath(String path)
   at resources_doctree.DownloadFile(String fname, Boolean forceDownload) in d:\Ankita\CDF-Dashboard-16-01-2020\resources\doctree.aspx.cs:line 164
   at resources_doctree.btn_download_Click(Object sender, EventArgs e) in d:\Ankita\CDF-Dashboard-16-01-2020\resources\doctree.aspx.cs:line 140 
 
2020-01-21 16:27:20,500 [22] ERROR resources_doctree - btn_download_Click -153 
 System.NotSupportedException: The given path's format is not supported.
   at System.Security.Util.StringExpressionSet.CanonicalizePath(String path, Boolean needFullPath)
   at System.Security.Util.StringExpressionSet.CreateListFromExpressions(String[] str, Boolean needFullPath)
   at System.Security.Permissions.FileIOPermission.AddPathList(FileIOPermissionAccess access, AccessControlActions control, String[] pathListOrig, Boolean checkForDuplicates, Boolean needFullPath, Boolean copyPathList)
   at System.Security.Permissions.FileIOPermission..ctor(FileIOPermissionAccess access, String path)
   at System.Web.InternalSecurityPermissions.PathDiscovery(String path)
   at System.Web.HttpRequest.MapPath(VirtualPath virtualPath, VirtualPath baseVirtualDir, Boolean allowCrossAppMapping)
   at System.Web.HttpServerUtility.MapPath(String path)
   at resources_doctree.DownloadFile(String fname, Boolean forceDownload) in d:\Ankita\CDF-Dashboard-16-01-2020\resources\doctree.aspx.cs:line 164
   at resources_doctree.btn_download_Click(Object sender, EventArgs e) in d:\Ankita\CDF-Dashboard-16-01-2020\resources\doctree.aspx.cs:line 140 
 
