2020-02-13 10:57:44,588 [10] ERROR CDFMaster - Page_Init -62 
 System.FormatException: Input string was not in a correct format.
   at System.Number.StringToNumber(String str, NumberStyles options, NumberBuffer& number, NumberFormatInfo info, Boolean parseDecimal)
   at System.Number.ParseInt32(String s, NumberStyles style, NumberFormatInfo info)
   at System.String.System.IConvertible.ToInt32(IFormatProvider provider)
   at System.Convert.ToInt32(Object value)
   at CDFMaster.Page_Init(Object sender, EventArgs e) in d:\Ankita\Ankita\Backup_project\CDF-Dashboard-07-02-2020\CDFMaster.master.cs:line 37 
 
2020-02-13 10:59:23,558 [14] ERROR candidatedetails - Page_Load -67 
 System.NullReferenceException: Object reference not set to an instance of an object.
   at candidatedetails.Page_Load(Object sender, EventArgs e) in d:\Ankita\Ankita\Backup_project\CDF-Dashboard-07-02-2020\Admin\candidate-details.aspx.cs:line 49 
 
2020-02-13 10:59:23,794 [14] ERROR CDFMaster - Page_Load -49 
 System.NullReferenceException: Object reference not set to an instance of an object.
   at CDFMaster.Page_Load(Object sender, EventArgs e) in d:\Ankita\Ankita\Backup_project\CDF-Dashboard-07-02-2020\Admin\admin-master.master.cs:line 16 
 
2020-02-13 10:59:31,467 [10] ERROR CDFMaster - Page_Init -62 
 System.FormatException: Input string was not in a correct format.
   at System.Number.StringToNumber(String str, NumberStyles options, NumberBuffer& number, NumberFormatInfo info, Boolean parseDecimal)
   at System.Number.ParseInt32(String s, NumberStyles style, NumberFormatInfo info)
   at System.String.System.IConvertible.ToInt32(IFormatProvider provider)
   at System.Convert.ToInt32(Object value)
   at CDFMaster.Page_Init(Object sender, EventArgs e) in d:\Ankita\Ankita\Backup_project\CDF-Dashboard-07-02-2020\CDFMaster.master.cs:line 37 
 
2020-02-13 11:00:15,995 [5] ERROR CDFMaster - Page_Init -62 
 System.FormatException: Input string was not in a correct format.
   at System.Number.StringToNumber(String str, NumberStyles options, NumberBuffer& number, NumberFormatInfo info, Boolean parseDecimal)
   at System.Number.ParseInt32(String s, NumberStyles style, NumberFormatInfo info)
   at System.String.System.IConvertible.ToInt32(IFormatProvider provider)
   at System.Convert.ToInt32(Object value)
   at CDFMaster.Page_Init(Object sender, EventArgs e) in d:\Ankita\Ankita\Backup_project\CDF-Dashboard-07-02-2020\CDFMaster.master.cs:line 37 
 
2020-02-13 11:00:23,221 [10] ERROR candidatedetails - Page_Load -67 
 System.NullReferenceException: Object reference not set to an instance of an object.
   at candidatedetails.Page_Load(Object sender, EventArgs e) in d:\Ankita\Ankita\Backup_project\CDF-Dashboard-07-02-2020\Admin\candidate-details.aspx.cs:line 49 
 
2020-02-13 11:00:47,751 [10] ERROR candidatedetails - Page_Load -539 
 System.Data.SqlClient.SqlException (0x80131904): Invalid column name 'cdfLevel'.
   at db_context.BindDropDownlist(String StrQuery, DropDownList& ddl) in d:\Ankita\Ankita\Backup_project\CDF-Dashboard-07-02-2020\App_Code\db_context.cs:line 620
   at candidatedetails.Page_Load(Object sender, EventArgs e) in d:\Ankita\Ankita\Backup_project\CDF-Dashboard-07-02-2020\Admin\candidate-details.aspx.cs:line 411
ClientConnectionId:24bfb865-d7ba-479c-b1c3-0fc68f601b18
Error Number:207,State:1,Class:16 
 
2020-02-13 11:03:24,705 [8] ERROR login - btn_login_Click -140 
 System.Data.SqlClient.SqlException (0x80131904): A transport-level error has occurred when receiving results from the server. (provider: Session Provider, error: 19 - Physical connection is not usable)
   at System.Data.SqlClient.SqlConnection.OnError(SqlException exception, Boolean breakConnection, Action`1 wrapCloseInAction)
   at System.Data.SqlClient.SqlInternalConnection.OnError(SqlException exception, Boolean breakConnection, Action`1 wrapCloseInAction)
   at System.Data.SqlClient.TdsParser.ThrowExceptionAndWarning(TdsParserStateObject stateObj, Boolean callerHasConnectionLock, Boolean asyncClose)
   at System.Data.SqlClient.TdsParserStateObject.ReadSniError(TdsParserStateObject stateObj, UInt32 error)
   at System.Data.SqlClient.TdsParserStateObject.ReadSniSyncOverAsync()
   at System.Data.SqlClient.TdsParserStateObject.TryReadNetworkPacket()
   at System.Data.SqlClient.TdsParserStateObject.TryPrepareBuffer()
   at System.Data.SqlClient.TdsParserStateObject.TryReadByte(Byte& value)
   at System.Data.SqlClient.TdsParser.TryRun(RunBehavior runBehavior, SqlCommand cmdHandler, SqlDataReader dataStream, BulkCopySimpleResultSet bulkCopyHandler, TdsParserStateObject stateObj, Boolean& dataReady)
   at System.Data.SqlClient.SqlDataReader.TryConsumeMetaData()
   at System.Data.SqlClient.SqlDataReader.get_MetaData()
   at System.Data.SqlClient.SqlCommand.FinishExecuteReader(SqlDataReader ds, RunBehavior runBehavior, String resetOptionsString, Boolean isInternal, Boolean forDescribeParameterEncryption)
   at System.Data.SqlClient.SqlCommand.RunExecuteReaderTds(CommandBehavior cmdBehavior, RunBehavior runBehavior, Boolean returnStream, Boolean async, Int32 timeout, Task& task, Boolean asyncWrite, Boolean inRetry, SqlDataReader ds, Boolean describeParameterEncryptionRequest)
   at System.Data.SqlClient.SqlCommand.RunExecuteReader(CommandBehavior cmdBehavior, RunBehavior runBehavior, Boolean returnStream, String method, TaskCompletionSource`1 completion, Int32 timeout, Task& task, Boolean& usedCache, Boolean asyncWrite, Boolean inRetry)
   at System.Data.SqlClient.SqlCommand.RunExecuteReader(CommandBehavior cmdBehavior, RunBehavior runBehavior, Boolean returnStream, String method)
   at System.Data.SqlClient.SqlCommand.ExecuteReader(CommandBehavior behavior, String method)
   at System.Data.SqlClient.SqlCommand.ExecuteReader()
   at login.btn_login_Click(Object sender, EventArgs e) in d:\Ankita\Ankita\Backup_project\CDF-Dashboard-07-02-2020\login.aspx.cs:line 46
ClientConnectionId:24bfb865-d7ba-479c-b1c3-0fc68f601b18
Error Number:-1,State:0,Class:20 
 
2020-02-13 11:31:26,245 [10] ERROR candidatedetails - Page_Load -539 
 System.Data.SqlClient.SqlException (0x80131904): Invalid column name 'cdfLevel'.
   at db_context.BindDropDownlist(String StrQuery, DropDownList& ddl) in d:\Ankita\Ankita\Backup_project\CDF-Dashboard-13-02-2020\App_Code\db_context.cs:line 620
   at candidatedetails.Page_Load(Object sender, EventArgs e) in d:\Ankita\Ankita\Backup_project\CDF-Dashboard-13-02-2020\Admin\candidate-details.aspx.cs:line 411
ClientConnectionId:fa71cf4f-fbdb-4a65-ac9f-fd870ab4248f
Error Number:207,State:1,Class:16 
 
2020-02-13 14:37:21,713 [42] ERROR manual_registration - btn_submit_Click -175 
 System.ArgumentOutOfRangeException: StartIndex cannot be less than zero.
Parameter name: startIndex
   at System.String.Substring(Int32 startIndex, Int32 length)
   at System.String.Substring(Int32 startIndex)
   at manual_registration.btn_submit_Click(Object sender, EventArgs e) in d:\Ankita\Ankita\Backup_project\CDF-Dashboard-13-02-2020\manual-registration.aspx.cs:line 123 
 
2020-02-13 14:39:08,952 [42] ERROR manual_registration - btn_submit_Click -175 
 System.ArgumentOutOfRangeException: StartIndex cannot be less than zero.
Parameter name: startIndex
   at System.String.Substring(Int32 startIndex, Int32 length)
   at System.String.Substring(Int32 startIndex)
   at manual_registration.btn_submit_Click(Object sender, EventArgs e) in d:\Ankita\Ankita\Backup_project\CDF-Dashboard-13-02-2020\manual-registration.aspx.cs:line 123 
 
2020-02-13 14:44:48,277 [47] ERROR manual_registration - btn_submit_Click -175 
 System.ArgumentOutOfRangeException: StartIndex cannot be less than zero.
Parameter name: startIndex
   at System.String.Substring(Int32 startIndex, Int32 length)
   at System.String.Substring(Int32 startIndex)
   at manual_registration.btn_submit_Click(Object sender, EventArgs e) in d:\Ankita\Ankita\Backup_project\CDF-Dashboard-13-02-2020\manual-registration.aspx.cs:line 123 
 
2020-02-13 15:18:53,023 [9] ERROR manual_registration - Page_Load -66 
 System.NullReferenceException: Object reference not set to an instance of an object.
   at manual_registration.Show_form2() in d:\Ankita\Ankita\Backup_project\CDF-Dashboard-13-02-2020\manual-registration.aspx.cs:line 295
   at manual_registration.Page_Load(Object sender, EventArgs e) in d:\Ankita\Ankita\Backup_project\CDF-Dashboard-13-02-2020\manual-registration.aspx.cs:line 25 
 
2020-02-13 15:19:09,407 [9] ERROR manual_registration - Page_Load -66 
 System.NullReferenceException: Object reference not set to an instance of an object.
   at manual_registration.Show_form2() in d:\Ankita\Ankita\Backup_project\CDF-Dashboard-13-02-2020\manual-registration.aspx.cs:line 295
   at manual_registration.Page_Load(Object sender, EventArgs e) in d:\Ankita\Ankita\Backup_project\CDF-Dashboard-13-02-2020\manual-registration.aspx.cs:line 25 
 
2020-02-13 15:21:29,655 [5] ERROR manual_registration - Page_Load -66 
 System.NullReferenceException: Object reference not set to an instance of an object.
   at manual_registration.Show_form2() in d:\Ankita\Ankita\Backup_project\CDF-Dashboard-13-02-2020\manual-registration.aspx.cs:line 295
   at manual_registration.Page_Load(Object sender, EventArgs e) in d:\Ankita\Ankita\Backup_project\CDF-Dashboard-13-02-2020\manual-registration.aspx.cs:line 25 
 
2020-02-13 15:22:44,563 [5] ERROR manual_registration - Page_Load -66 
 System.NullReferenceException: Object reference not set to an instance of an object.
   at manual_registration.Show_form2() in d:\Ankita\Ankita\Backup_project\CDF-Dashboard-13-02-2020\manual-registration.aspx.cs:line 295
   at manual_registration.Page_Load(Object sender, EventArgs e) in d:\Ankita\Ankita\Backup_project\CDF-Dashboard-13-02-2020\manual-registration.aspx.cs:line 25 
 
2020-02-13 15:27:43,429 [50] ERROR manual_registration - btn_submit_Click -175 
 System.ArgumentOutOfRangeException: StartIndex cannot be less than zero.
Parameter name: startIndex
   at System.String.Substring(Int32 startIndex, Int32 length)
   at System.String.Substring(Int32 startIndex)
   at manual_registration.btn_submit_Click(Object sender, EventArgs e) in d:\Ankita\Ankita\Backup_project\CDF-Dashboard-13-02-2020\manual-registration.aspx.cs:line 123 
 
2020-02-13 15:32:18,313 [5] ERROR manual_registration - btn_submit_Click -175 
 System.ArgumentOutOfRangeException: StartIndex cannot be less than zero.
Parameter name: startIndex
   at System.String.Substring(Int32 startIndex, Int32 length)
   at System.String.Substring(Int32 startIndex)
   at manual_registration.btn_submit_Click(Object sender, EventArgs e) in d:\Ankita\Ankita\Backup_project\CDF-Dashboard-13-02-2020\manual-registration.aspx.cs:line 123 
 
2020-02-13 15:37:35,809 [9] ERROR manual_registration - btn_submit_Click -175 
 System.Data.SqlClient.SqlException (0x80131904): String or binary data would be truncated.
The statement has been terminated.
   at System.Data.SqlClient.SqlConnection.OnError(SqlException exception, Boolean breakConnection, Action`1 wrapCloseInAction)
   at System.Data.SqlClient.SqlInternalConnection.OnError(SqlException exception, Boolean breakConnection, Action`1 wrapCloseInAction)
   at System.Data.SqlClient.TdsParser.ThrowExceptionAndWarning(TdsParserStateObject stateObj, Boolean callerHasConnectionLock, Boolean asyncClose)
   at System.Data.SqlClient.TdsParser.TryRun(RunBehavior runBehavior, SqlCommand cmdHandler, SqlDataReader dataStream, BulkCopySimpleResultSet bulkCopyHandler, TdsParserStateObject stateObj, Boolean& dataReady)
   at System.Data.SqlClient.SqlCommand.FinishExecuteReader(SqlDataReader ds, RunBehavior runBehavior, String resetOptionsString, Boolean isInternal, Boolean forDescribeParameterEncryption)
   at System.Data.SqlClient.SqlCommand.RunExecuteReaderTds(CommandBehavior cmdBehavior, RunBehavior runBehavior, Boolean returnStream, Boolean async, Int32 timeout, Task& task, Boolean asyncWrite, Boolean inRetry, SqlDataReader ds, Boolean describeParameterEncryptionRequest)
   at System.Data.SqlClient.SqlCommand.RunExecuteReader(CommandBehavior cmdBehavior, RunBehavior runBehavior, Boolean returnStream, String method, TaskCompletionSource`1 completion, Int32 timeout, Task& task, Boolean& usedCache, Boolean asyncWrite, Boolean inRetry)
   at System.Data.SqlClient.SqlCommand.InternalExecuteNonQuery(TaskCompletionSource`1 completion, String methodName, Boolean sendToPipe, Int32 timeout, Boolean& usedCache, Boolean asyncWrite, Boolean inRetry)
   at System.Data.SqlClient.SqlCommand.ExecuteNonQuery()
   at manual_registration.btn_submit_Click(Object sender, EventArgs e) in d:\Ankita\Ankita\Backup_project\CDF-Dashboard-13-02-2020\manual-registration.aspx.cs:line 148
ClientConnectionId:72a18b40-cc56-410a-bdd0-a176e0f86a13
Error Number:8152,State:2,Class:16 
 
2020-02-13 16:00:37,356 [48] ERROR manual_registration - btn_submit_Click -175 
 System.Data.SqlClient.SqlException (0x80131904): String or binary data would be truncated.
The statement has been terminated.
   at System.Data.SqlClient.SqlConnection.OnError(SqlException exception, Boolean breakConnection, Action`1 wrapCloseInAction)
   at System.Data.SqlClient.SqlInternalConnection.OnError(SqlException exception, Boolean breakConnection, Action`1 wrapCloseInAction)
   at System.Data.SqlClient.TdsParser.ThrowExceptionAndWarning(TdsParserStateObject stateObj, Boolean callerHasConnectionLock, Boolean asyncClose)
   at System.Data.SqlClient.TdsParser.TryRun(RunBehavior runBehavior, SqlCommand cmdHandler, SqlDataReader dataStream, BulkCopySimpleResultSet bulkCopyHandler, TdsParserStateObject stateObj, Boolean& dataReady)
   at System.Data.SqlClient.SqlCommand.FinishExecuteReader(SqlDataReader ds, RunBehavior runBehavior, String resetOptionsString, Boolean isInternal, Boolean forDescribeParameterEncryption)
   at System.Data.SqlClient.SqlCommand.RunExecuteReaderTds(CommandBehavior cmdBehavior, RunBehavior runBehavior, Boolean returnStream, Boolean async, Int32 timeout, Task& task, Boolean asyncWrite, Boolean inRetry, SqlDataReader ds, Boolean describeParameterEncryptionRequest)
   at System.Data.SqlClient.SqlCommand.RunExecuteReader(CommandBehavior cmdBehavior, RunBehavior runBehavior, Boolean returnStream, String method, TaskCompletionSource`1 completion, Int32 timeout, Task& task, Boolean& usedCache, Boolean asyncWrite, Boolean inRetry)
   at System.Data.SqlClient.SqlCommand.InternalExecuteNonQuery(TaskCompletionSource`1 completion, String methodName, Boolean sendToPipe, Int32 timeout, Boolean& usedCache, Boolean asyncWrite, Boolean inRetry)
   at System.Data.SqlClient.SqlCommand.ExecuteNonQuery()
   at manual_registration.btn_submit_Click(Object sender, EventArgs e) in d:\Ankita\Ankita\Backup_project\CDF-Dashboard-13-02-2020\manual-registration.aspx.cs:line 148
ClientConnectionId:72a18b40-cc56-410a-bdd0-a176e0f86a13
Error Number:8152,State:2,Class:16 
 
2020-02-13 16:04:37,097 [14] ERROR home - GetData -135 
 System.NullReferenceException: Object reference not set to an instance of an object.
   at home.GetData() in d:\Ankita\Ankita\Backup_project\CDF-Dashboard-13-02-2020\home.aspx.cs:line 121 
 
2020-02-13 16:04:37,319 [14] ERROR home - chart_bind -230 
 System.NullReferenceException: Object reference not set to an instance of an object.
   at home.chart_bind() in d:\Ankita\Ankita\Backup_project\CDF-Dashboard-13-02-2020\home.aspx.cs:line 204 
 
2020-02-13 16:04:37,360 [14] ERROR home - GetData2 -192 
 System.NullReferenceException: Object reference not set to an instance of an object.
   at home.GetData2() in d:\Ankita\Ankita\Backup_project\CDF-Dashboard-13-02-2020\home.aspx.cs:line 178 
 
2020-02-13 16:04:37,379 [14] ERROR home - chart_bind2 -307 
 System.NullReferenceException: Object reference not set to an instance of an object.
   at home.chart_bind2() in d:\Ankita\Ankita\Backup_project\CDF-Dashboard-13-02-2020\home.aspx.cs:line 281 
 
2020-02-13 16:04:37,401 [14] ERROR home - bindgrid -409 
 System.NullReferenceException: Object reference not set to an instance of an object.
   at home.bindgrid() in d:\Ankita\Ankita\Backup_project\CDF-Dashboard-13-02-2020\home.aspx.cs:line 373 
 
2020-02-13 16:04:37,608 [14] ERROR home - GetData_both -169 
 System.NullReferenceException: Object reference not set to an instance of an object.
   at home.GetData_both() in d:\Ankita\Ankita\Backup_project\CDF-Dashboard-13-02-2020\home.aspx.cs:line 145 
 
2020-02-13 16:04:37,633 [14] ERROR home - chart_bind_both -270 
 System.NullReferenceException: Object reference not set to an instance of an object.
   at home.chart_bind_both() in d:\Ankita\Ankita\Backup_project\CDF-Dashboard-13-02-2020\home.aspx.cs:line 242 
 
2020-02-13 16:04:37,658 [14] ERROR home - bindgrid_lead_converted -450 
 System.NullReferenceException: Object reference not set to an instance of an object.
   at home.bindgrid_lead_converted() in d:\Ankita\Ankita\Backup_project\CDF-Dashboard-13-02-2020\home.aspx.cs:line 424 
 
2020-02-13 16:04:37,679 [14] ERROR home - bindgrid_lead_created -489 
 System.NullReferenceException: Object reference not set to an instance of an object.
   at home.bindgrid_lead_created() in d:\Ankita\Ankita\Backup_project\CDF-Dashboard-13-02-2020\home.aspx.cs:line 463 
 
2020-02-13 16:04:37,695 [14] ERROR home - Page_Load -113 
 System.NullReferenceException: Object reference not set to an instance of an object.
   at home.Page_Load(Object sender, EventArgs e) in d:\Ankita\Ankita\Backup_project\CDF-Dashboard-13-02-2020\home.aspx.cs:line 42 
 
2020-02-13 16:07:18,259 [41] ERROR data_context - sendemail -61 
 System.ArgumentException: The parameter 'address' cannot be an empty string.
Parameter name: address
   at System.Net.Mail.MailAddress..ctor(String address, String displayName, Encoding displayNameEncoding)
   at System.Net.Mail.MailAddress..ctor(String address)
   at data_context.sendemail(String to, String cc, String bcc, String subject, String body) in d:\Ankita\Ankita\Backup_project\CDF-Dashboard-13-02-2020\App_Code\data_context.cs:line 41 
 
2020-02-13 16:07:18,259 [9] ERROR data_context - sendemail -61 
 System.ArgumentException: The parameter 'address' cannot be an empty string.
Parameter name: address
   at System.Net.Mail.MailAddress..ctor(String address, String displayName, Encoding displayNameEncoding)
   at System.Net.Mail.MailAddress..ctor(String address)
   at data_context.sendemail(String to, String cc, String bcc, String subject, String body) in d:\Ankita\Ankita\Backup_project\CDF-Dashboard-13-02-2020\App_Code\data_context.cs:line 41 
 
2020-02-13 16:23:11,204 [6] ERROR home - GetData -135 
 System.NullReferenceException: Object reference not set to an instance of an object.
   at home.GetData() in d:\Ankita\Ankita\Backup_project\CDF-Dashboard-13-02-2020\home.aspx.cs:line 121 
 
2020-02-13 16:23:11,204 [6] ERROR home - chart_bind -230 
 System.NullReferenceException: Object reference not set to an instance of an object.
   at home.chart_bind() in d:\Ankita\Ankita\Backup_project\CDF-Dashboard-13-02-2020\home.aspx.cs:line 204 
 
2020-02-13 16:23:11,205 [6] ERROR home - GetData2 -192 
 System.NullReferenceException: Object reference not set to an instance of an object.
   at home.GetData2() in d:\Ankita\Ankita\Backup_project\CDF-Dashboard-13-02-2020\home.aspx.cs:line 178 
 
2020-02-13 16:23:11,205 [6] ERROR home - chart_bind2 -307 
 System.NullReferenceException: Object reference not set to an instance of an object.
   at home.chart_bind2() in d:\Ankita\Ankita\Backup_project\CDF-Dashboard-13-02-2020\home.aspx.cs:line 281 
 
2020-02-13 16:23:11,205 [6] ERROR home - bindgrid -409 
 System.NullReferenceException: Object reference not set to an instance of an object.
   at home.bindgrid() in d:\Ankita\Ankita\Backup_project\CDF-Dashboard-13-02-2020\home.aspx.cs:line 373 
 
2020-02-13 16:23:11,527 [6] ERROR home - GetData_both -169 
 System.NullReferenceException: Object reference not set to an instance of an object.
   at home.GetData_both() in d:\Ankita\Ankita\Backup_project\CDF-Dashboard-13-02-2020\home.aspx.cs:line 145 
 
2020-02-13 16:23:11,527 [6] ERROR home - chart_bind_both -270 
 System.NullReferenceException: Object reference not set to an instance of an object.
   at home.chart_bind_both() in d:\Ankita\Ankita\Backup_project\CDF-Dashboard-13-02-2020\home.aspx.cs:line 242 
 
2020-02-13 16:23:11,527 [6] ERROR home - bindgrid_lead_converted -450 
 System.NullReferenceException: Object reference not set to an instance of an object.
   at home.bindgrid_lead_converted() in d:\Ankita\Ankita\Backup_project\CDF-Dashboard-13-02-2020\home.aspx.cs:line 424 
 
2020-02-13 16:23:11,528 [6] ERROR home - bindgrid_lead_created -489 
 System.NullReferenceException: Object reference not set to an instance of an object.
   at home.bindgrid_lead_created() in d:\Ankita\Ankita\Backup_project\CDF-Dashboard-13-02-2020\home.aspx.cs:line 463 
 
2020-02-13 16:23:11,528 [6] ERROR home - Page_Load -113 
 System.NullReferenceException: Object reference not set to an instance of an object.
   at home.Page_Load(Object sender, EventArgs e) in d:\Ankita\Ankita\Backup_project\CDF-Dashboard-13-02-2020\home.aspx.cs:line 42 
 
2020-02-13 16:31:23,096 [14] ERROR data_context - sendemail -61 
 System.ArgumentException: The parameter 'address' cannot be an empty string.
Parameter name: address
   at System.Net.Mail.MailAddress..ctor(String address, String displayName, Encoding displayNameEncoding)
   at System.Net.Mail.MailAddress..ctor(String address)
   at data_context.sendemail(String to, String cc, String bcc, String subject, String body) in d:\Ankita\Ankita\Backup_project\CDF-Dashboard-13-02-2020\App_Code\data_context.cs:line 41 
 
2020-02-13 16:31:37,801 [41] ERROR data_context - sendemail -61 
 System.ArgumentException: The parameter 'address' cannot be an empty string.
Parameter name: address
   at System.Net.Mail.MailAddress..ctor(String address, String displayName, Encoding displayNameEncoding)
   at System.Net.Mail.MailAddress..ctor(String address)
   at data_context.sendemail(String to, String cc, String bcc, String subject, String body) in d:\Ankita\Ankita\Backup_project\CDF-Dashboard-13-02-2020\App_Code\data_context.cs:line 41 
 
2020-02-13 16:40:12,493 [13] ERROR manual_registration - btn_submit_Click -184 
 System.NullReferenceException: Object reference not set to an instance of an object.
   at manual_registration.btn_submit_Click(Object sender, EventArgs e) in d:\Ankita\Ankita\Backup_project\CDF-Dashboard-13-02-2020\manual-registration.aspx.cs:line 165 
 
2020-02-13 16:40:12,587 [13] ERROR manual_registration - btn_submit_Click -197 
 System.InvalidOperationException: This SqlTransaction has completed; it is no longer usable.
   at System.Data.SqlClient.SqlTransaction.ZombieCheck()
   at System.Data.SqlClient.SqlTransaction.Rollback()
   at manual_registration.btn_submit_Click(Object sender, EventArgs e) in d:\Ankita\Ankita\Backup_project\CDF-Dashboard-13-02-2020\manual-registration.aspx.cs:line 192 
 
2020-02-13 16:45:28,225 [49] ERROR manual_registration - btn_submit_Click -184 
 System.NullReferenceException: Object reference not set to an instance of an object.
   at manual_registration.btn_submit_Click(Object sender, EventArgs e) in d:\Ankita\Ankita\Backup_project\CDF-Dashboard-13-02-2020\manual-registration.aspx.cs:line 139 
 
2020-02-13 16:47:32,204 [41] ERROR home - GetData -135 
 System.NullReferenceException: Object reference not set to an instance of an object.
   at home.GetData() in d:\Ankita\Ankita\Backup_project\CDF-Dashboard-13-02-2020\home.aspx.cs:line 121 
 
2020-02-13 16:47:32,228 [41] ERROR home - chart_bind -230 
 System.NullReferenceException: Object reference not set to an instance of an object.
   at home.chart_bind() in d:\Ankita\Ankita\Backup_project\CDF-Dashboard-13-02-2020\home.aspx.cs:line 204 
 
2020-02-13 16:47:32,245 [41] ERROR home - GetData2 -192 
 System.NullReferenceException: Object reference not set to an instance of an object.
   at home.GetData2() in d:\Ankita\Ankita\Backup_project\CDF-Dashboard-13-02-2020\home.aspx.cs:line 178 
 
2020-02-13 16:47:32,260 [41] ERROR home - chart_bind2 -307 
 System.NullReferenceException: Object reference not set to an instance of an object.
   at home.chart_bind2() in d:\Ankita\Ankita\Backup_project\CDF-Dashboard-13-02-2020\home.aspx.cs:line 281 
 
2020-02-13 16:47:32,276 [41] ERROR home - bindgrid -409 
 System.NullReferenceException: Object reference not set to an instance of an object.
   at home.bindgrid() in d:\Ankita\Ankita\Backup_project\CDF-Dashboard-13-02-2020\home.aspx.cs:line 373 
 
2020-02-13 16:47:32,475 [41] ERROR home - GetData_both -169 
 System.NullReferenceException: Object reference not set to an instance of an object.
   at home.GetData_both() in d:\Ankita\Ankita\Backup_project\CDF-Dashboard-13-02-2020\home.aspx.cs:line 145 
 
2020-02-13 16:47:32,490 [41] ERROR home - chart_bind_both -270 
 System.NullReferenceException: Object reference not set to an instance of an object.
   at home.chart_bind_both() in d:\Ankita\Ankita\Backup_project\CDF-Dashboard-13-02-2020\home.aspx.cs:line 242 
 
2020-02-13 16:47:32,505 [41] ERROR home - bindgrid_lead_converted -450 
 System.NullReferenceException: Object reference not set to an instance of an object.
   at home.bindgrid_lead_converted() in d:\Ankita\Ankita\Backup_project\CDF-Dashboard-13-02-2020\home.aspx.cs:line 424 
 
2020-02-13 16:47:32,520 [41] ERROR home - bindgrid_lead_created -489 
 System.NullReferenceException: Object reference not set to an instance of an object.
   at home.bindgrid_lead_created() in d:\Ankita\Ankita\Backup_project\CDF-Dashboard-13-02-2020\home.aspx.cs:line 463 
 
2020-02-13 16:47:32,544 [41] ERROR home - Page_Load -113 
 System.NullReferenceException: Object reference not set to an instance of an object.
   at home.Page_Load(Object sender, EventArgs e) in d:\Ankita\Ankita\Backup_project\CDF-Dashboard-13-02-2020\home.aspx.cs:line 42 
 
2020-02-13 16:54:38,760 [9] ERROR manual_registration - btn_submit_Click -184 
 System.NullReferenceException: Object reference not set to an instance of an object.
   at manual_registration.btn_submit_Click(Object sender, EventArgs e) in d:\Ankita\Ankita\Backup_project\CDF-Dashboard-13-02-2020\manual-registration.aspx.cs:line 130 
 
2020-02-13 17:00:50,192 [11] ERROR manual_registration - btn_submit_Click -185 
 System.NullReferenceException: Object reference not set to an instance of an object.
   at manual_registration.btn_submit_Click(Object sender, EventArgs e) in d:\Ankita\Ankita\Backup_project\CDF-Dashboard-13-02-2020\manual-registration.aspx.cs:line 131 
 
2020-02-13 17:01:52,975 [22] ERROR home - GetData -135 
 System.NullReferenceException: Object reference not set to an instance of an object.
   at home.GetData() in d:\Ankita\Ankita\Backup_project\CDF-Dashboard-13-02-2020\home.aspx.cs:line 121 
 
2020-02-13 17:01:53,001 [22] ERROR home - chart_bind -230 
 System.NullReferenceException: Object reference not set to an instance of an object.
   at home.chart_bind() in d:\Ankita\Ankita\Backup_project\CDF-Dashboard-13-02-2020\home.aspx.cs:line 204 
 
2020-02-13 17:01:53,021 [22] ERROR home - GetData2 -192 
 System.NullReferenceException: Object reference not set to an instance of an object.
   at home.GetData2() in d:\Ankita\Ankita\Backup_project\CDF-Dashboard-13-02-2020\home.aspx.cs:line 178 
 
2020-02-13 17:01:53,089 [22] ERROR home - chart_bind2 -307 
 System.NullReferenceException: Object reference not set to an instance of an object.
   at home.chart_bind2() in d:\Ankita\Ankita\Backup_project\CDF-Dashboard-13-02-2020\home.aspx.cs:line 281 
 
2020-02-13 17:01:53,106 [22] ERROR home - bindgrid -409 
 System.NullReferenceException: Object reference not set to an instance of an object.
   at home.bindgrid() in d:\Ankita\Ankita\Backup_project\CDF-Dashboard-13-02-2020\home.aspx.cs:line 373 
 
2020-02-13 17:01:53,460 [22] ERROR home - GetData_both -169 
 System.NullReferenceException: Object reference not set to an instance of an object.
   at home.GetData_both() in d:\Ankita\Ankita\Backup_project\CDF-Dashboard-13-02-2020\home.aspx.cs:line 145 
 
2020-02-13 17:01:53,478 [22] ERROR home - chart_bind_both -270 
 System.NullReferenceException: Object reference not set to an instance of an object.
   at home.chart_bind_both() in d:\Ankita\Ankita\Backup_project\CDF-Dashboard-13-02-2020\home.aspx.cs:line 242 
 
2020-02-13 17:01:53,551 [22] ERROR home - bindgrid_lead_converted -450 
 System.NullReferenceException: Object reference not set to an instance of an object.
   at home.bindgrid_lead_converted() in d:\Ankita\Ankita\Backup_project\CDF-Dashboard-13-02-2020\home.aspx.cs:line 424 
 
2020-02-13 17:01:53,744 [22] ERROR home - bindgrid_lead_created -489 
 System.NullReferenceException: Object reference not set to an instance of an object.
   at home.bindgrid_lead_created() in d:\Ankita\Ankita\Backup_project\CDF-Dashboard-13-02-2020\home.aspx.cs:line 463 
 
2020-02-13 17:01:53,922 [22] ERROR home - Page_Load -113 
 System.NullReferenceException: Object reference not set to an instance of an object.
   at home.Page_Load(Object sender, EventArgs e) in d:\Ankita\Ankita\Backup_project\CDF-Dashboard-13-02-2020\home.aspx.cs:line 42 
 
2020-02-13 17:19:00,574 [20] ERROR home - GetData -135 
 System.NullReferenceException: Object reference not set to an instance of an object.
   at home.GetData() in d:\Ankita\Ankita\Backup_project\CDF-Dashboard-13-02-2020\home.aspx.cs:line 121 
 
2020-02-13 17:19:00,588 [20] ERROR home - chart_bind -230 
 System.NullReferenceException: Object reference not set to an instance of an object.
   at home.chart_bind() in d:\Ankita\Ankita\Backup_project\CDF-Dashboard-13-02-2020\home.aspx.cs:line 204 
 
2020-02-13 17:19:00,603 [20] ERROR home - GetData2 -192 
 System.NullReferenceException: Object reference not set to an instance of an object.
   at home.GetData2() in d:\Ankita\Ankita\Backup_project\CDF-Dashboard-13-02-2020\home.aspx.cs:line 178 
 
2020-02-13 17:19:00,618 [20] ERROR home - chart_bind2 -307 
 System.NullReferenceException: Object reference not set to an instance of an object.
   at home.chart_bind2() in d:\Ankita\Ankita\Backup_project\CDF-Dashboard-13-02-2020\home.aspx.cs:line 281 
 
2020-02-13 17:19:00,633 [20] ERROR home - bindgrid -409 
 System.NullReferenceException: Object reference not set to an instance of an object.
   at home.bindgrid() in d:\Ankita\Ankita\Backup_project\CDF-Dashboard-13-02-2020\home.aspx.cs:line 373 
 
2020-02-13 17:19:00,829 [20] ERROR home - GetData_both -169 
 System.NullReferenceException: Object reference not set to an instance of an object.
   at home.GetData_both() in d:\Ankita\Ankita\Backup_project\CDF-Dashboard-13-02-2020\home.aspx.cs:line 145 
 
2020-02-13 17:19:00,847 [20] ERROR home - chart_bind_both -270 
 System.NullReferenceException: Object reference not set to an instance of an object.
   at home.chart_bind_both() in d:\Ankita\Ankita\Backup_project\CDF-Dashboard-13-02-2020\home.aspx.cs:line 242 
 
2020-02-13 17:19:00,863 [20] ERROR home - bindgrid_lead_converted -450 
 System.NullReferenceException: Object reference not set to an instance of an object.
   at home.bindgrid_lead_converted() in d:\Ankita\Ankita\Backup_project\CDF-Dashboard-13-02-2020\home.aspx.cs:line 424 
 
2020-02-13 17:19:00,878 [20] ERROR home - bindgrid_lead_created -489 
 System.NullReferenceException: Object reference not set to an instance of an object.
   at home.bindgrid_lead_created() in d:\Ankita\Ankita\Backup_project\CDF-Dashboard-13-02-2020\home.aspx.cs:line 463 
 
2020-02-13 17:19:00,903 [20] ERROR home - Page_Load -113 
 System.NullReferenceException: Object reference not set to an instance of an object.
   at home.Page_Load(Object sender, EventArgs e) in d:\Ankita\Ankita\Backup_project\CDF-Dashboard-13-02-2020\home.aspx.cs:line 42 
 
2020-02-13 17:19:14,494 [6] ERROR home1 - Page_Load -134 
 System.NullReferenceException: Object reference not set to an instance of an object.
   at home1.Page_Load(Object sender, EventArgs e) in d:\Ankita\Ankita\Backup_project\CDF-Dashboard-13-02-2020\home1.aspx.cs:line 128 
 
2020-02-13 17:22:46,470 [22] ERROR data_context - sendemail -61 
 System.ArgumentException: The parameter 'address' cannot be an empty string.
Parameter name: address
   at System.Net.Mail.MailAddress..ctor(String address, String displayName, Encoding displayNameEncoding)
   at System.Net.Mail.MailAddress..ctor(String address)
   at data_context.sendemail(String to, String cc, String bcc, String subject, String body) in d:\Ankita\Ankita\Backup_project\CDF-Dashboard-13-02-2020\App_Code\data_context.cs:line 41 
 
2020-02-13 17:22:46,474 [13] ERROR data_context - sendemail -61 
 System.ArgumentException: The parameter 'address' cannot be an empty string.
Parameter name: address
   at System.Net.Mail.MailAddress..ctor(String address, String displayName, Encoding displayNameEncoding)
   at System.Net.Mail.MailAddress..ctor(String address)
   at data_context.sendemail(String to, String cc, String bcc, String subject, String body) in d:\Ankita\Ankita\Backup_project\CDF-Dashboard-13-02-2020\App_Code\data_context.cs:line 41 
 
2020-02-13 17:23:27,656 [20] ERROR manual_registration - Page_Load -66 
 System.NullReferenceException: Object reference not set to an instance of an object.
   at manual_registration.Show_form2() in d:\Ankita\Ankita\Backup_project\CDF-Dashboard-13-02-2020\manual-registration.aspx.cs:line 285
   at manual_registration.Page_Load(Object sender, EventArgs e) in d:\Ankita\Ankita\Backup_project\CDF-Dashboard-13-02-2020\manual-registration.aspx.cs:line 25 
 
2020-02-13 18:18:41,463 [6] ERROR CDFMaster - Page_Init -62 
 System.FormatException: Input string was not in a correct format.
   at System.Number.StringToNumber(String str, NumberStyles options, NumberBuffer& number, NumberFormatInfo info, Boolean parseDecimal)
   at System.Number.ParseInt32(String s, NumberStyles style, NumberFormatInfo info)
   at System.String.System.IConvertible.ToInt32(IFormatProvider provider)
   at System.Convert.ToInt32(Object value)
   at CDFMaster.Page_Init(Object sender, EventArgs e) in d:\Ankita\Ankita\Backup_project\CDF-Dashboard-13-02-2020\CDFMaster.master.cs:line 37 
 
2020-02-13 18:26:08,984 [16] ERROR data_context - sendemail -61 
 System.ArgumentException: The parameter 'address' cannot be an empty string.
Parameter name: address
   at System.Net.Mail.MailAddress..ctor(String address, String displayName, Encoding displayNameEncoding)
   at System.Net.Mail.MailAddress..ctor(String address)
   at data_context.sendemail(String to, String cc, String bcc, String subject, String body) in d:\Ankita\Ankita\Backup_project\CDF-Dashboard-13-02-2020\App_Code\data_context.cs:line 41 
 
2020-02-13 18:26:47,068 [14] ERROR candidatedetails - Page_Load -539 
 System.Data.SqlClient.SqlException (0x80131904): Invalid column name 'cdfLevel'.
   at db_context.BindDropDownlist(String StrQuery, DropDownList& ddl) in d:\Ankita\Ankita\Backup_project\CDF-Dashboard-13-02-2020\App_Code\db_context.cs:line 620
   at candidatedetails.Page_Load(Object sender, EventArgs e) in d:\Ankita\Ankita\Backup_project\CDF-Dashboard-13-02-2020\Admin\candidate-details.aspx.cs:line 411
ClientConnectionId:0545287a-734b-48c0-b35b-92b67e889a9b
Error Number:207,State:1,Class:16 
 
2020-02-13 18:30:53,150 [22] ERROR home1 - Page_Load -134 
 System.NullReferenceException: Object reference not set to an instance of an object.
   at home1.Page_Load(Object sender, EventArgs e) in d:\Ankita\Ankita\Backup_project\CDF-Dashboard-13-02-2020\home1.aspx.cs:line 128 
 
