2020-02-17 10:15:52,082 [5] ERROR data_context - sendemail -61 
 System.ArgumentException: The parameter 'address' cannot be an empty string.
Parameter name: address
   at System.Net.Mail.MailAddress..ctor(String address, String displayName, Encoding displayNameEncoding)
   at System.Net.Mail.MailAddress..ctor(String address)
   at data_context.sendemail(String to, String cc, String bcc, String subject, String body) in d:\Ankita\Ankita\Backup_project\CDF-Dashboard-13-02-2020\App_Code\data_context.cs:line 41 
 
2020-02-17 10:15:52,090 [12] ERROR data_context - sendemail -61 
 System.ArgumentException: The parameter 'address' cannot be an empty string.
Parameter name: address
   at System.Net.Mail.MailAddress..ctor(String address, String displayName, Encoding displayNameEncoding)
   at System.Net.Mail.MailAddress..ctor(String address)
   at data_context.sendemail(String to, String cc, String bcc, String subject, String body) in d:\Ankita\Ankita\Backup_project\CDF-Dashboard-13-02-2020\App_Code\data_context.cs:line 41 
 
2020-02-17 10:44:00,456 [27] ERROR home1 - Page_Load -134 
 System.NullReferenceException: Object reference not set to an instance of an object.
   at home1.Page_Load(Object sender, EventArgs e) in d:\Ankita\Ankita\Backup_project\CDF-Dashboard-13-02-2020\home1.aspx.cs:line 128 
 
2020-02-17 10:48:42,084 [25] ERROR candidatedetails - Page_Load -539 
 System.Data.SqlClient.SqlException (0x80131904): Invalid column name 'cdfLevel'.
   at db_context.BindDropDownlist(String StrQuery, DropDownList& ddl) in d:\Ankita\Ankita\Backup_project\CDF-Dashboard-13-02-2020\App_Code\db_context.cs:line 620
   at candidatedetails.Page_Load(Object sender, EventArgs e) in d:\Ankita\Ankita\Backup_project\CDF-Dashboard-13-02-2020\Admin\candidate-details.aspx.cs:line 411
ClientConnectionId:156c63f6-5c1b-4c30-97d7-323bd228d4d3
Error Number:207,State:1,Class:16 
 
2020-02-17 10:50:25,087 [27] ERROR candidatedetails - Page_Load -539 
 System.Data.SqlClient.SqlException (0x80131904): Invalid column name 'cdfLevel'.
   at db_context.BindDropDownlist(String StrQuery, DropDownList& ddl) in d:\Ankita\Ankita\Backup_project\CDF-Dashboard-13-02-2020\App_Code\db_context.cs:line 620
   at candidatedetails.Page_Load(Object sender, EventArgs e) in d:\Ankita\Ankita\Backup_project\CDF-Dashboard-13-02-2020\Admin\candidate-details.aspx.cs:line 411
ClientConnectionId:156c63f6-5c1b-4c30-97d7-323bd228d4d3
Error Number:207,State:1,Class:16 
 
2020-02-17 11:04:32,524 [22] ERROR candidatedetails - Page_Load -539 
 System.Data.SqlClient.SqlException (0x80131904): Invalid column name 'cdfLevel'.
   at db_context.BindDropDownlist(String StrQuery, DropDownList& ddl) in d:\Ankita\Ankita\Backup_project\CDF-Dashboard-13-02-2020\App_Code\db_context.cs:line 620
   at candidatedetails.Page_Load(Object sender, EventArgs e) in d:\Ankita\Ankita\Backup_project\CDF-Dashboard-13-02-2020\Admin\candidate-details.aspx.cs:line 411
ClientConnectionId:dc69113d-9ca7-45d4-8702-8113c6c8cb72
Error Number:207,State:1,Class:16 
 
2020-02-17 11:04:43,926 [18] ERROR candidatedetails - Page_Load -539 
 System.Data.SqlClient.SqlException (0x80131904): Invalid column name 'cdfLevel'.
   at db_context.BindDropDownlist(String StrQuery, DropDownList& ddl) in d:\Ankita\Ankita\Backup_project\CDF-Dashboard-13-02-2020\App_Code\db_context.cs:line 620
   at candidatedetails.Page_Load(Object sender, EventArgs e) in d:\Ankita\Ankita\Backup_project\CDF-Dashboard-13-02-2020\Admin\candidate-details.aspx.cs:line 411
ClientConnectionId:dc69113d-9ca7-45d4-8702-8113c6c8cb72
Error Number:207,State:1,Class:16 
 
2020-02-17 11:06:39,638 [9] ERROR data_context - sendemail -61 
 System.ArgumentException: The parameter 'address' cannot be an empty string.
Parameter name: address
   at System.Net.Mail.MailAddress..ctor(String address, String displayName, Encoding displayNameEncoding)
   at System.Net.Mail.MailAddress..ctor(String address)
   at data_context.sendemail(String to, String cc, String bcc, String subject, String body) in d:\Ankita\Ankita\Backup_project\CDF-Dashboard-13-02-2020\App_Code\data_context.cs:line 41 
 
2020-02-17 11:11:38,177 [23] ERROR home1 - Page_Load -134 
 System.NullReferenceException: Object reference not set to an instance of an object.
   at home1.Page_Load(Object sender, EventArgs e) in d:\Ankita\Ankita\Backup_project\CDF-Dashboard-13-02-2020\home1.aspx.cs:line 128 
 
2020-02-17 11:19:46,443 [22] ERROR candidatedetails - Page_Load -539 
 System.Data.SqlClient.SqlException (0x80131904): Invalid column name 'cdfLevel'.
   at db_context.BindDropDownlist(String StrQuery, DropDownList& ddl) in d:\Ankita\Ankita\Backup_project\CDF-Dashboard-13-02-2020\App_Code\db_context.cs:line 620
   at candidatedetails.Page_Load(Object sender, EventArgs e) in d:\Ankita\Ankita\Backup_project\CDF-Dashboard-13-02-2020\Admin\candidate-details.aspx.cs:line 411
ClientConnectionId:345f4977-5253-4060-a157-36ee4619d4dc
Error Number:207,State:1,Class:16 
 
2020-02-17 11:21:58,105 [15] ERROR candidatedetails - Page_Load -539 
 System.Data.SqlClient.SqlException (0x80131904): Invalid column name 'cdfLevel'.
   at db_context.BindDropDownlist(String StrQuery, DropDownList& ddl) in d:\Ankita\Ankita\Backup_project\CDF-Dashboard-13-02-2020\App_Code\db_context.cs:line 620
   at candidatedetails.Page_Load(Object sender, EventArgs e) in d:\Ankita\Ankita\Backup_project\CDF-Dashboard-13-02-2020\Admin\candidate-details.aspx.cs:line 411
ClientConnectionId:345f4977-5253-4060-a157-36ee4619d4dc
Error Number:207,State:1,Class:16 
 
2020-02-17 11:30:31,778 [14] ERROR candidatedetails - Page_Load -539 
 System.Data.SqlClient.SqlException (0x80131904): Invalid column name 'cdfLevel'.
   at db_context.BindDropDownlist(String StrQuery, DropDownList& ddl) in d:\Ankita\Ankita\Backup_project\CDF-Dashboard-13-02-2020\App_Code\db_context.cs:line 620
   at candidatedetails.Page_Load(Object sender, EventArgs e) in d:\Ankita\Ankita\Backup_project\CDF-Dashboard-13-02-2020\Admin\candidate-details.aspx.cs:line 411
ClientConnectionId:345f4977-5253-4060-a157-36ee4619d4dc
Error Number:207,State:1,Class:16 
 
2020-02-17 11:30:50,790 [12] ERROR candidatedetails - Page_Load -539 
 System.Data.SqlClient.SqlException (0x80131904): Invalid column name 'cdfLevel'.
   at db_context.BindDropDownlist(String StrQuery, DropDownList& ddl) in d:\Ankita\Ankita\Backup_project\CDF-Dashboard-13-02-2020\App_Code\db_context.cs:line 620
   at candidatedetails.Page_Load(Object sender, EventArgs e) in d:\Ankita\Ankita\Backup_project\CDF-Dashboard-13-02-2020\Admin\candidate-details.aspx.cs:line 411
ClientConnectionId:345f4977-5253-4060-a157-36ee4619d4dc
Error Number:207,State:1,Class:16 
 
2020-02-17 11:31:56,229 [12] ERROR candidatedetails - Page_Load -539 
 System.Data.SqlClient.SqlException (0x80131904): Invalid column name 'cdfLevel'.
   at db_context.BindDropDownlist(String StrQuery, DropDownList& ddl) in d:\Ankita\Ankita\Backup_project\CDF-Dashboard-13-02-2020\App_Code\db_context.cs:line 620
   at candidatedetails.Page_Load(Object sender, EventArgs e) in d:\Ankita\Ankita\Backup_project\CDF-Dashboard-13-02-2020\Admin\candidate-details.aspx.cs:line 411
ClientConnectionId:345f4977-5253-4060-a157-36ee4619d4dc
Error Number:207,State:1,Class:16 
 
2020-02-17 11:34:11,616 [6] ERROR candidatedetails - Page_Load -539 
 System.Data.SqlClient.SqlException (0x80131904): Invalid column name 'cdfLevel'.
   at db_context.BindDropDownlist(String StrQuery, DropDownList& ddl) in d:\Ankita\Ankita\Backup_project\CDF-Dashboard-13-02-2020\App_Code\db_context.cs:line 620
   at candidatedetails.Page_Load(Object sender, EventArgs e) in d:\Ankita\Ankita\Backup_project\CDF-Dashboard-13-02-2020\Admin\candidate-details.aspx.cs:line 411
ClientConnectionId:345f4977-5253-4060-a157-36ee4619d4dc
Error Number:207,State:1,Class:16 
 
2020-02-17 11:34:46,106 [12] ERROR candidatedetails - Page_Load -539 
 System.Data.SqlClient.SqlException (0x80131904): Invalid column name 'cdfLevel'.
   at db_context.BindDropDownlist(String StrQuery, DropDownList& ddl) in d:\Ankita\Ankita\Backup_project\CDF-Dashboard-13-02-2020\App_Code\db_context.cs:line 620
   at candidatedetails.Page_Load(Object sender, EventArgs e) in d:\Ankita\Ankita\Backup_project\CDF-Dashboard-13-02-2020\Admin\candidate-details.aspx.cs:line 411
ClientConnectionId:345f4977-5253-4060-a157-36ee4619d4dc
Error Number:207,State:1,Class:16 
 
2020-02-17 11:34:53,199 [6] ERROR candidatedetails - Page_Load -539 
 System.Data.SqlClient.SqlException (0x80131904): Invalid column name 'cdfLevel'.
   at db_context.BindDropDownlist(String StrQuery, DropDownList& ddl) in d:\Ankita\Ankita\Backup_project\CDF-Dashboard-13-02-2020\App_Code\db_context.cs:line 620
   at candidatedetails.Page_Load(Object sender, EventArgs e) in d:\Ankita\Ankita\Backup_project\CDF-Dashboard-13-02-2020\Admin\candidate-details.aspx.cs:line 411
ClientConnectionId:345f4977-5253-4060-a157-36ee4619d4dc
Error Number:207,State:1,Class:16 
 
2020-02-17 11:35:09,113 [20] ERROR candidatedetails - Page_Load -539 
 System.Data.SqlClient.SqlException (0x80131904): Invalid column name 'cdfLevel'.
   at db_context.BindDropDownlist(String StrQuery, DropDownList& ddl) in d:\Ankita\Ankita\Backup_project\CDF-Dashboard-13-02-2020\App_Code\db_context.cs:line 620
   at candidatedetails.Page_Load(Object sender, EventArgs e) in d:\Ankita\Ankita\Backup_project\CDF-Dashboard-13-02-2020\Admin\candidate-details.aspx.cs:line 411
ClientConnectionId:345f4977-5253-4060-a157-36ee4619d4dc
Error Number:207,State:1,Class:16 
 
2020-02-17 11:35:35,499 [12] ERROR candidatedetails - Page_Load -539 
 System.Data.SqlClient.SqlException (0x80131904): Invalid column name 'cdfLevel'.
   at db_context.BindDropDownlist(String StrQuery, DropDownList& ddl) in d:\Ankita\Ankita\Backup_project\CDF-Dashboard-13-02-2020\App_Code\db_context.cs:line 620
   at candidatedetails.Page_Load(Object sender, EventArgs e) in d:\Ankita\Ankita\Backup_project\CDF-Dashboard-13-02-2020\Admin\candidate-details.aspx.cs:line 411
ClientConnectionId:345f4977-5253-4060-a157-36ee4619d4dc
Error Number:207,State:1,Class:16 
 
2020-02-17 11:35:39,347 [20] ERROR candidatedetails - Page_Load -539 
 System.Data.SqlClient.SqlException (0x80131904): Invalid column name 'cdfLevel'.
   at db_context.BindDropDownlist(String StrQuery, DropDownList& ddl) in d:\Ankita\Ankita\Backup_project\CDF-Dashboard-13-02-2020\App_Code\db_context.cs:line 620
   at candidatedetails.Page_Load(Object sender, EventArgs e) in d:\Ankita\Ankita\Backup_project\CDF-Dashboard-13-02-2020\Admin\candidate-details.aspx.cs:line 411
ClientConnectionId:345f4977-5253-4060-a157-36ee4619d4dc
Error Number:207,State:1,Class:16 
 
2020-02-17 11:36:38,477 [10] ERROR candidatedetails - Page_Load -539 
 System.Data.SqlClient.SqlException (0x80131904): Invalid column name 'cdfLevel'.
   at db_context.BindDropDownlist(String StrQuery, DropDownList& ddl) in d:\Ankita\Ankita\Backup_project\CDF-Dashboard-13-02-2020\App_Code\db_context.cs:line 620
   at candidatedetails.Page_Load(Object sender, EventArgs e) in d:\Ankita\Ankita\Backup_project\CDF-Dashboard-13-02-2020\Admin\candidate-details.aspx.cs:line 411
ClientConnectionId:345f4977-5253-4060-a157-36ee4619d4dc
Error Number:207,State:1,Class:16 
 
2020-02-17 11:37:08,327 [12] ERROR candidatedetails - Page_Load -539 
 System.Data.SqlClient.SqlException (0x80131904): Invalid column name 'cdfLevel'.
   at db_context.BindDropDownlist(String StrQuery, DropDownList& ddl) in d:\Ankita\Ankita\Backup_project\CDF-Dashboard-13-02-2020\App_Code\db_context.cs:line 620
   at candidatedetails.Page_Load(Object sender, EventArgs e) in d:\Ankita\Ankita\Backup_project\CDF-Dashboard-13-02-2020\Admin\candidate-details.aspx.cs:line 411
ClientConnectionId:345f4977-5253-4060-a157-36ee4619d4dc
Error Number:207,State:1,Class:16 
 
2020-02-17 11:38:47,255 [10] ERROR candidatedetails - Page_Load -539 
 System.Data.SqlClient.SqlException (0x80131904): Invalid column name 'cdfLevel'.
   at db_context.BindDropDownlist(String StrQuery, DropDownList& ddl) in d:\Ankita\Ankita\Backup_project\CDF-Dashboard-13-02-2020\App_Code\db_context.cs:line 620
   at candidatedetails.Page_Load(Object sender, EventArgs e) in d:\Ankita\Ankita\Backup_project\CDF-Dashboard-13-02-2020\Admin\candidate-details.aspx.cs:line 411
ClientConnectionId:345f4977-5253-4060-a157-36ee4619d4dc
Error Number:207,State:1,Class:16 
 
2020-02-17 11:38:52,656 [10] ERROR candidatedetails - Page_Load -539 
 System.Data.SqlClient.SqlException (0x80131904): Invalid column name 'cdfLevel'.
   at db_context.BindDropDownlist(String StrQuery, DropDownList& ddl) in d:\Ankita\Ankita\Backup_project\CDF-Dashboard-13-02-2020\App_Code\db_context.cs:line 620
   at candidatedetails.Page_Load(Object sender, EventArgs e) in d:\Ankita\Ankita\Backup_project\CDF-Dashboard-13-02-2020\Admin\candidate-details.aspx.cs:line 411
ClientConnectionId:345f4977-5253-4060-a157-36ee4619d4dc
Error Number:207,State:1,Class:16 
 
2020-02-17 11:38:56,648 [21] ERROR candidatedetails - Page_Load -539 
 System.Data.SqlClient.SqlException (0x80131904): Invalid column name 'cdfLevel'.
   at db_context.BindDropDownlist(String StrQuery, DropDownList& ddl) in d:\Ankita\Ankita\Backup_project\CDF-Dashboard-13-02-2020\App_Code\db_context.cs:line 620
   at candidatedetails.Page_Load(Object sender, EventArgs e) in d:\Ankita\Ankita\Backup_project\CDF-Dashboard-13-02-2020\Admin\candidate-details.aspx.cs:line 411
ClientConnectionId:345f4977-5253-4060-a157-36ee4619d4dc
Error Number:207,State:1,Class:16 
 
2020-02-17 11:39:01,465 [20] ERROR candidatedetails - Page_Load -539 
 System.Data.SqlClient.SqlException (0x80131904): Invalid column name 'cdfLevel'.
   at db_context.BindDropDownlist(String StrQuery, DropDownList& ddl) in d:\Ankita\Ankita\Backup_project\CDF-Dashboard-13-02-2020\App_Code\db_context.cs:line 620
   at candidatedetails.Page_Load(Object sender, EventArgs e) in d:\Ankita\Ankita\Backup_project\CDF-Dashboard-13-02-2020\Admin\candidate-details.aspx.cs:line 411
ClientConnectionId:345f4977-5253-4060-a157-36ee4619d4dc
Error Number:207,State:1,Class:16 
 
2020-02-17 11:39:13,853 [20] ERROR candidatedetails - Page_Load -539 
 System.Data.SqlClient.SqlException (0x80131904): Invalid column name 'cdfLevel'.
   at db_context.BindDropDownlist(String StrQuery, DropDownList& ddl) in d:\Ankita\Ankita\Backup_project\CDF-Dashboard-13-02-2020\App_Code\db_context.cs:line 620
   at candidatedetails.Page_Load(Object sender, EventArgs e) in d:\Ankita\Ankita\Backup_project\CDF-Dashboard-13-02-2020\Admin\candidate-details.aspx.cs:line 420
ClientConnectionId:345f4977-5253-4060-a157-36ee4619d4dc
Error Number:207,State:1,Class:16 
 
2020-02-17 11:39:18,562 [10] ERROR candidatedetails - Page_Load -539 
 System.Data.SqlClient.SqlException (0x80131904): Invalid column name 'cdfLevel'.
   at db_context.BindDropDownlist(String StrQuery, DropDownList& ddl) in d:\Ankita\Ankita\Backup_project\CDF-Dashboard-13-02-2020\App_Code\db_context.cs:line 620
   at candidatedetails.Page_Load(Object sender, EventArgs e) in d:\Ankita\Ankita\Backup_project\CDF-Dashboard-13-02-2020\Admin\candidate-details.aspx.cs:line 420
ClientConnectionId:345f4977-5253-4060-a157-36ee4619d4dc
Error Number:207,State:1,Class:16 
 
2020-02-17 11:40:51,898 [20] ERROR candidatedetails - Page_Load -539 
 System.Data.SqlClient.SqlException (0x80131904): Invalid column name 'cdfLevel'.
   at db_context.BindDropDownlist(String StrQuery, DropDownList& ddl) in d:\Ankita\Ankita\Backup_project\CDF-Dashboard-13-02-2020\App_Code\db_context.cs:line 620
   at candidatedetails.Page_Load(Object sender, EventArgs e) in d:\Ankita\Ankita\Backup_project\CDF-Dashboard-13-02-2020\Admin\candidate-details.aspx.cs:line 411
ClientConnectionId:345f4977-5253-4060-a157-36ee4619d4dc
Error Number:207,State:1,Class:16 
 
2020-02-17 11:44:07,674 [10] ERROR candidatedetails - Page_Load -539 
 System.Data.SqlClient.SqlException (0x80131904): Invalid column name 'cdfLevel'.
   at db_context.BindDropDownlist(String StrQuery, DropDownList& ddl) in d:\Ankita\Ankita\Backup_project\CDF-Dashboard-13-02-2020\App_Code\db_context.cs:line 620
   at candidatedetails.Page_Load(Object sender, EventArgs e) in d:\Ankita\Ankita\Backup_project\CDF-Dashboard-13-02-2020\Admin\candidate-details.aspx.cs:line 411
ClientConnectionId:345f4977-5253-4060-a157-36ee4619d4dc
Error Number:207,State:1,Class:16 
 
2020-02-17 13:05:32,926 [36] ERROR candidatedetails - Page_Load -539 
 System.Data.SqlClient.SqlException (0x80131904): Invalid column name 'cdfLevel'.
   at db_context.BindDropDownlist(String StrQuery, DropDownList& ddl) in d:\Ankita\Ankita\Backup_project\CDF-Dashboard-13-02-2020\App_Code\db_context.cs:line 620
   at candidatedetails.Page_Load(Object sender, EventArgs e) in d:\Ankita\Ankita\Backup_project\CDF-Dashboard-13-02-2020\Admin\candidate-details.aspx.cs:line 411
ClientConnectionId:b1f22348-a3c7-4246-bcd2-afc407a5e60b
Error Number:207,State:1,Class:16 
 
2020-02-17 13:15:09,571 [40] ERROR candidatedetails - Page_Load -539 
 System.Data.SqlClient.SqlException (0x80131904): Invalid column name 'cdfLevel'.
   at db_context.BindDropDownlist(String StrQuery, DropDownList& ddl) in d:\Ankita\Ankita\Backup_project\CDF-Dashboard-13-02-2020\App_Code\db_context.cs:line 620
   at candidatedetails.Page_Load(Object sender, EventArgs e) in d:\Ankita\Ankita\Backup_project\CDF-Dashboard-13-02-2020\Admin\candidate-details.aspx.cs:line 411
ClientConnectionId:b1f22348-a3c7-4246-bcd2-afc407a5e60b
Error Number:207,State:1,Class:16 
 
2020-02-17 14:36:07,527 [11] ERROR candidatedetails - Page_Load -539 
 System.Data.SqlClient.SqlException (0x80131904): Invalid column name 'cdfLevel'.
   at db_context.BindDropDownlist(String StrQuery, DropDownList& ddl) in d:\Ankita\Ankita\Backup_project\CDF-Dashboard-13-02-2020\App_Code\db_context.cs:line 620
   at candidatedetails.Page_Load(Object sender, EventArgs e) in d:\Ankita\Ankita\Backup_project\CDF-Dashboard-13-02-2020\Admin\candidate-details.aspx.cs:line 411
ClientConnectionId:dbdea7e1-735e-41c6-bb89-e202e16a53df
Error Number:207,State:1,Class:16 
 
2020-02-17 14:41:52,797 [25] ERROR candidatedetails - Page_Load -539 
 System.Data.SqlClient.SqlException (0x80131904): Invalid column name 'cdfLevel'.
   at db_context.BindDropDownlist(String StrQuery, DropDownList& ddl) in d:\Ankita\Ankita\Backup_project\CDF-Dashboard-13-02-2020\App_Code\db_context.cs:line 620
   at candidatedetails.Page_Load(Object sender, EventArgs e) in d:\Ankita\Ankita\Backup_project\CDF-Dashboard-13-02-2020\Admin\candidate-details.aspx.cs:line 411
ClientConnectionId:dbdea7e1-735e-41c6-bb89-e202e16a53df
Error Number:207,State:1,Class:16 
 
2020-02-17 14:42:26,530 [32] ERROR candidatedetails - Page_Load -539 
 System.Data.SqlClient.SqlException (0x80131904): Invalid column name 'cdfLevel'.
   at db_context.BindDropDownlist(String StrQuery, DropDownList& ddl) in d:\Ankita\Ankita\Backup_project\CDF-Dashboard-13-02-2020\App_Code\db_context.cs:line 620
   at candidatedetails.Page_Load(Object sender, EventArgs e) in d:\Ankita\Ankita\Backup_project\CDF-Dashboard-13-02-2020\Admin\candidate-details.aspx.cs:line 411
ClientConnectionId:dbdea7e1-735e-41c6-bb89-e202e16a53df
Error Number:207,State:1,Class:16 
 
2020-02-17 16:02:02,520 [70] ERROR home1 - Page_Load -134 
 System.NullReferenceException: Object reference not set to an instance of an object.
   at home1.Page_Load(Object sender, EventArgs e) in d:\Ankita\Ankita\Backup_project\CDF-Dashboard-13-02-2020\home1.aspx.cs:line 128 
 
